[2019-07-25 03:12:51] [INFO] /Users/fy/Documents/项目/WWW/PHP/ClipStore/config.php: PDO connect OK -> #
[2019-07-25 03:12:51] [INFO] /Users/fy/Documents/项目/WWW/PHP/ClipStore/utils.php: Render_file exists->./statics/template/index.html
[2019-07-25 03:13:28] [INFO] /Users/fy/Documents/项目/WWW/PHP/ClipStore/config.php: PDO connect OK -> #
[2019-07-25 03:13:28] [INFO] /Users/fy/Documents/项目/WWW/PHP/ClipStore/search.php: DB search -> SELECT id,title from articles WHERE MATCH (title,body) AGAINST (? IN BOOLEAN MODE);  xss
[2019-07-25 03:13:33] [INFO] /Users/fy/Documents/项目/WWW/PHP/ClipStore/config.php: PDO connect OK -> #
[2019-07-25 03:13:33] [INFO] /Users/fy/Documents/项目/WWW/PHP/ClipStore/search.php: DB search -> SELECT id,title from articles WHERE MATCH (title,body) AGAINST (? IN BOOLEAN MODE);  xss
[2019-07-25 03:14:11] [INFO] /Users/fy/Documents/项目/WWW/PHP/ClipStore/config.php: PDO connect OK -> #
[2019-07-25 03:14:11] [INFO] /Users/fy/Documents/项目/WWW/PHP/ClipStore/utils.php: Render_file exists->./statics/template/index.html
[2019-07-25 03:14:38] [INFO] /Users/fy/Documents/项目/WWW/PHP/ClipStore/config.php: PDO connect OK -> #
[2019-07-25 03:14:38] [INFO] /Users/fy/Documents/项目/WWW/PHP/ClipStore/utils.php: Render_file exists->./statics/template/index.html
[2019-07-25 03:14:40] [INFO] /Users/fy/Documents/项目/WWW/PHP/ClipStore/config.php: PDO connect OK -> #
[2019-07-25 03:14:40] [INFO] /Users/fy/Documents/项目/WWW/PHP/ClipStore/search.php: DB search -> SELECT id,title from articles WHERE MATCH (title,body) AGAINST (? IN BOOLEAN MODE);  xss
[2019-07-25 03:16:26] [INFO] /Users/fy/Documents/项目/WWW/PHP/ClipStore/config.php: PDO connect OK -> #
[2019-07-25 03:16:26] [INFO] /Users/fy/Documents/项目/WWW/PHP/ClipStore/utils.php: Render_file exists->./statics/template/index.html
[2019-07-25 03:16:27] [INFO] /Users/fy/Documents/项目/WWW/PHP/ClipStore/config.php: PDO connect OK -> #
[2019-07-25 03:16:27] [INFO] /Users/fy/Documents/项目/WWW/PHP/ClipStore/utils.php: Render_file exists->./statics/template/index.html
[2019-07-25 03:16:28] [INFO] /Users/fy/Documents/项目/WWW/PHP/ClipStore/config.php: PDO connect OK -> #
[2019-07-25 03:16:28] [INFO] /Users/fy/Documents/项目/WWW/PHP/ClipStore/search.php: DB search -> SELECT id,title from articles WHERE MATCH (title,body) AGAINST (? IN BOOLEAN MODE);  a
[2019-07-25 03:16:30] [INFO] /Users/fy/Documents/项目/WWW/PHP/ClipStore/config.php: PDO connect OK -> #
[2019-07-25 03:16:30] [INFO] /Users/fy/Documents/项目/WWW/PHP/ClipStore/search.php: DB search -> SELECT id,title from articles WHERE MATCH (title,body) AGAINST (? IN BOOLEAN MODE);  ss
[2019-07-25 03:16:55] [INFO] /Users/fy/Documents/项目/WWW/PHP/ClipStore/config.php: PDO connect OK -> #
[2019-07-25 03:16:55] [INFO] /Users/fy/Documents/项目/WWW/PHP/ClipStore/utils.php: Render_file exists->./statics/template/index.html
[2019-07-25 03:17:23] [INFO] /Users/fy/Documents/项目/WWW/PHP/ClipStore/config.php: PDO connect OK -> #
[2019-07-25 03:17:23] [INFO] /Users/fy/Documents/项目/WWW/PHP/ClipStore/utils.php: Render_file exists->./statics/template/index.html
[2019-07-25 03:17:27] [INFO] /Users/fy/Documents/项目/WWW/PHP/ClipStore/config.php: PDO connect OK -> #
[2019-07-25 03:17:27] [INFO] /Users/fy/Documents/项目/WWW/PHP/ClipStore/search.php: DB search -> SELECT id,title from articles WHERE MATCH (title,body) AGAINST (? IN BOOLEAN MODE);  java
[2019-07-25 03:17:31] [INFO] /Users/fy/Documents/项目/WWW/PHP/ClipStore/config.php: PDO connect OK -> #
[2019-07-25 03:17:31] [INFO] /Users/fy/Documents/项目/WWW/PHP/ClipStore/search.php: DB search -> SELECT id,title from articles WHERE MATCH (title,body) AGAINST (? IN BOOLEAN MODE);  linux
[2019-07-25 03:19:50] [INFO] /Users/fy/Documents/项目/WWW/PHP/ClipStore/config.php: PDO connect OK -> #
[2019-07-25 03:19:50] [INFO] /Users/fy/Documents/项目/WWW/PHP/ClipStore/utils.php: Render_file exists->./statics/template/index.html
[2019-07-25 03:45:59] [INFO] /Users/fy/Documents/项目/WWW/PHP/ClipStore/config.php: PDO connect OK -> #
[2019-07-25 03:45:59] [INFO] /Users/fy/Documents/项目/WWW/PHP/ClipStore/utils.php: Render_file exists->./statics/template/index.html
[2019-07-25 03:46:04] [INFO] /Users/fy/Documents/项目/WWW/PHP/ClipStore/config.php: PDO connect OK -> #
[2019-07-25 03:46:04] [INFO] /Users/fy/Documents/项目/WWW/PHP/ClipStore/utils.php: Render_file exists->./statics/template/index.html
[2019-07-25 03:46:22] [INFO] /Users/fy/Documents/项目/WWW/PHP/ClipStore/config.php: PDO connect OK -> #
[2019-07-25 03:46:22] [INFO] /Users/fy/Documents/项目/WWW/PHP/ClipStore/search.php: DB search -> SELECT id,title from articles WHERE MATCH (title,body) AGAINST (? IN BOOLEAN MODE);  xss
[2019-07-25 03:51:18] [INFO] /Users/fy/Documents/项目/WWW/PHP/ClipStore/config.php: PDO connect OK -> #
[2019-07-25 03:51:18] [INFO] /Users/fy/Documents/项目/WWW/PHP/ClipStore/utils.php: Render_file exists->./statics/template/index.html
[2019-07-25 04:05:17] [INFO] /Users/fy/Documents/项目/WWW/PHP/ClipStore/config.php: PDO connect OK -> #
[2019-07-25 04:05:17] [INFO] /Users/fy/Documents/项目/WWW/PHP/ClipStore/utils.php: Render_file exists->./statics/template/index.html
[2019-07-25 04:05:22] [INFO] /Users/fy/Documents/项目/WWW/PHP/ClipStore/config.php: PDO connect OK -> #
[2019-07-25 04:05:22] [INFO] /Users/fy/Documents/项目/WWW/PHP/ClipStore/search.php: DB search -> SELECT id,title from articles WHERE MATCH (title,body) AGAINST (? IN BOOLEAN MODE);  xss
[2019-07-25 04:15:27] [INFO] /Users/fy/Documents/项目/WWW/PHP/ClipStore/config.php: PDO connect OK -> #
[2019-07-25 04:15:27] [INFO] /Users/fy/Documents/项目/WWW/PHP/ClipStore/utils.php: Render_file exists->./statics/template/index.html
[2019-07-25 04:15:32] [INFO] /Users/fy/Documents/项目/WWW/PHP/ClipStore/config.php: PDO connect OK -> #
[2019-07-25 04:15:32] [INFO] /Users/fy/Documents/项目/WWW/PHP/ClipStore/utils.php: Render_file exists->./statics/template/index.html
[2019-07-25 04:15:40] [INFO] /Users/fy/Documents/项目/WWW/PHP/ClipStore/config.php: PDO connect OK -> #
[2019-07-25 04:15:40] [INFO] /Users/fy/Documents/项目/WWW/PHP/ClipStore/search.php: DB search -> SELECT id,title from articles WHERE MATCH (title,body) AGAINST (? IN BOOLEAN MODE);  xss
[2019-07-25 04:17:57] [INFO] /Users/fy/Documents/项目/WWW/PHP/ClipStore/config.php: PDO connect OK -> #
[2019-07-25 04:17:57] [INFO] /Users/fy/Documents/项目/WWW/PHP/ClipStore/search.php: DB search -> SELECT id,title from articles WHERE MATCH (title,body) AGAINST (? IN BOOLEAN MODE);  sql
[2019-07-25 04:29:04] [INFO] /Users/fy/Documents/项目/WWW/PHP/ClipStore/config.php: PDO connect OK -> #
[2019-07-25 04:29:04] [INFO] /Users/fy/Documents/项目/WWW/PHP/ClipStore/utils.php: Render_file exists->./statics/template/index.html
[2019-07-25 04:29:57] [INFO] /Users/fy/Documents/项目/WWW/PHP/ClipStore/config.php: PDO connect OK -> #
[2019-07-25 04:29:57] [INFO] /Users/fy/Documents/项目/WWW/PHP/ClipStore/search.php: DB search -> SELECT id,title from articles WHERE MATCH (title,body) AGAINST (? IN BOOLEAN MODE);  linux
[2019-07-25 05:48:28] [INFO] /Users/fy/Documents/项目/WWW/PHP/ClipStore/config.php: PDO connect OK -> #
[2019-07-25 05:48:28] [INFO] /Users/fy/Documents/项目/WWW/PHP/ClipStore/utils.php: Render_file exists->./statics/template/index.html
[2019-07-25 05:50:53] [INFO] /Users/fy/Documents/项目/WWW/PHP/ClipStore/config.php: PDO connect OK -> #
[2019-07-25 05:50:53] [INFO] /Users/fy/Documents/项目/WWW/PHP/ClipStore/search.php: DB search -> SELECT id,title from articles WHERE MATCH (title,body) AGAINST (? IN BOOLEAN MODE);  linux
[2019-07-25 06:16:13] [INFO] /Users/fy/Documents/项目/WWW/PHP/ClipStore/config.php: PDO connect OK -> #
[2019-07-25 06:16:13] [INFO] /Users/fy/Documents/项目/WWW/PHP/ClipStore/utils.php: Render_file exists->./statics/template/index.html
[2019-07-25 06:17:41] [INFO] /Users/fy/Documents/项目/WWW/PHP/ClipStore/config.php: PDO connect OK -> #
[2019-07-25 06:17:41] [INFO] /Users/fy/Documents/项目/WWW/PHP/ClipStore/utils.php: Render_file exists->./statics/template/index.html
[2019-07-25 06:21:41] [INFO] /Users/fy/Documents/项目/WWW/PHP/ClipStore/config.php: PDO connect OK -> #
[2019-07-25 06:21:41] [INFO] /Users/fy/Documents/项目/WWW/PHP/ClipStore/utils.php: Render_file exists->./statics/template/index.html
[2019-07-25 06:21:54] [INFO] /Users/fy/Documents/项目/WWW/PHP/ClipStore/config.php: PDO connect OK -> #
[2019-07-25 06:21:54] [INFO] /Users/fy/Documents/项目/WWW/PHP/ClipStore/utils.php: Render_file exists->./statics/template/index.html
[2019-07-25 06:22:00] [INFO] /Users/fy/Documents/项目/WWW/PHP/ClipStore/config.php: PDO connect OK -> #
[2019-07-25 06:22:00] [INFO] /Users/fy/Documents/项目/WWW/PHP/ClipStore/search.php: DB search -> SELECT id,title from articles WHERE MATCH (title,body) AGAINST (? IN BOOLEAN MODE);  xss
