[2019-06-05 04:48:36] [INFO] /Users/fy/Documents/项目/WWW/PHP/ClipStore/config.php: PDO connect OK -> #
[2019-06-05 04:48:36] [INFO] /Users/fy/Documents/项目/WWW/PHP/ClipStore/utils.php: Render_file exists->./articles/index.html
[2019-06-05 04:48:40] [INFO] /Users/fy/Documents/项目/WWW/PHP/ClipStore/config.php: PDO connect OK -> #
[2019-06-05 04:48:40] [INFO] /Users/fy/Documents/项目/WWW/PHP/ClipStore/search.php: DB search -> SELECT id,title from articles WHERE MATCH (title,body) AGAINST (? IN BOOLEAN MODE);  ssrf
[2019-06-05 04:48:58] [INFO] /Users/fy/Documents/项目/WWW/PHP/ClipStore/config.php: PDO connect OK -> #
[2019-06-05 04:48:58] [INFO] /Users/fy/Documents/项目/WWW/PHP/ClipStore/utils.php: Render_file exists->./articles/index.html
[2019-06-05 04:50:44] [INFO] /Users/fy/Documents/项目/WWW/PHP/ClipStore/config.php: PDO connect OK -> #
[2019-06-05 04:50:44] [INFO] /Users/fy/Documents/项目/WWW/PHP/ClipStore/utils.php: Render_file exists->./articles/index.html
[2019-06-05 04:53:55] [INFO] /Users/fy/Documents/项目/WWW/PHP/ClipStore/config.php: PDO connect OK -> #
[2019-06-05 04:53:55] [INFO] /Users/fy/Documents/项目/WWW/PHP/ClipStore/utils.php: Render_file exists->./articles/index.html
[2019-06-05 04:54:03] [INFO] /Users/fy/Documents/项目/WWW/PHP/ClipStore/config.php: PDO connect OK -> #
[2019-06-05 04:54:03] [INFO] /Users/fy/Documents/项目/WWW/PHP/ClipStore/search.php: DB search -> SELECT id,title from articles WHERE MATCH (title,body) AGAINST (? IN BOOLEAN MODE);  ssrf
[2019-06-05 04:54:13] [INFO] /Users/fy/Documents/项目/WWW/PHP/ClipStore/config.php: PDO connect OK -> #
[2019-06-05 04:54:13] [INFO] /Users/fy/Documents/项目/WWW/PHP/ClipStore/search.php: DB search -> SELECT id,title from articles WHERE MATCH (title,body) AGAINST (? IN BOOLEAN MODE);  +ssrf
[2019-06-05 04:54:17] [INFO] /Users/fy/Documents/项目/WWW/PHP/ClipStore/config.php: PDO connect OK -> #
[2019-06-05 04:54:17] [INFO] /Users/fy/Documents/项目/WWW/PHP/ClipStore/search.php: DB search -> SELECT id,title from articles WHERE MATCH (title,body) AGAINST (? IN BOOLEAN MODE);  +ssrf gopher
[2019-06-05 04:54:20] [INFO] /Users/fy/Documents/项目/WWW/PHP/ClipStore/config.php: PDO connect OK -> #
[2019-06-05 04:54:20] [INFO] /Users/fy/Documents/项目/WWW/PHP/ClipStore/search.php: DB search -> SELECT id,title from articles WHERE MATCH (title,body) AGAINST (? IN BOOLEAN MODE);  +ssrf +gopher
[2019-06-05 04:56:13] [INFO] /Users/fy/Documents/项目/WWW/PHP/ClipStore/config.php: PDO connect OK -> #
[2019-06-05 04:56:13] [INFO] /Users/fy/Documents/项目/WWW/PHP/ClipStore/utils.php: Render_file exists->./articles/index.html
[2019-06-05 04:56:14] [INFO] /Users/fy/Documents/项目/WWW/PHP/ClipStore/config.php: PDO connect OK -> #
[2019-06-05 04:56:14] [INFO] /Users/fy/Documents/项目/WWW/PHP/ClipStore/search.php: DB search -> SELECT id,title from articles WHERE MATCH (title,body) AGAINST (? IN BOOLEAN MODE);  ssrf
[2019-06-05 04:56:18] [INFO] /Users/fy/Documents/项目/WWW/PHP/ClipStore/config.php: PDO connect OK -> #
[2019-06-05 04:56:18] [INFO] /Users/fy/Documents/项目/WWW/PHP/ClipStore/search.php: DB search -> SELECT id,title from articles WHERE MATCH (title,body) AGAINST (? IN BOOLEAN MODE);  ssrf gopher
[2019-06-05 04:56:20] [INFO] /Users/fy/Documents/项目/WWW/PHP/ClipStore/config.php: PDO connect OK -> #
[2019-06-05 04:56:20] [INFO] /Users/fy/Documents/项目/WWW/PHP/ClipStore/search.php: DB search -> SELECT id,title from articles WHERE MATCH (title,body) AGAINST (? IN BOOLEAN MODE);  ssrf gopher -xxe
[2019-06-05 04:56:28] [INFO] /Users/fy/Documents/项目/WWW/PHP/ClipStore/config.php: PDO connect OK -> #
[2019-06-05 04:56:28] [INFO] /Users/fy/Documents/项目/WWW/PHP/ClipStore/search.php: DB search -> SELECT id,title from articles WHERE MATCH (title,body) AGAINST (? IN BOOLEAN MODE);  ssrf gopher -xxe 内网
[2019-06-05 04:56:33] [INFO] /Users/fy/Documents/项目/WWW/PHP/ClipStore/config.php: PDO connect OK -> #
[2019-06-05 04:56:33] [INFO] /Users/fy/Documents/项目/WWW/PHP/ClipStore/search.php: DB search -> SELECT id,title from articles WHERE MATCH (title,body) AGAINST (? IN BOOLEAN MODE);  +ssrf +gopher -xxe +内网
[2019-06-05 04:58:35] [INFO] /Users/fy/Documents/项目/WWW/PHP/ClipStore/config.php: PDO connect OK -> #
[2019-06-05 04:58:35] [INFO] /Users/fy/Documents/项目/WWW/PHP/ClipStore/utils.php: Render_file exists->./articles/index.html
[2019-06-05 04:58:38] [INFO] /Users/fy/Documents/项目/WWW/PHP/ClipStore/config.php: PDO connect OK -> #
[2019-06-05 04:58:38] [INFO] /Users/fy/Documents/项目/WWW/PHP/ClipStore/utils.php: Render_file exists->./articles/index.html
[2019-06-05 05:07:32] [INFO] /Users/fy/Documents/项目/WWW/PHP/ClipStore/config.php: PDO connect OK -> #
[2019-06-05 05:07:32] [INFO] /Users/fy/Documents/项目/WWW/PHP/ClipStore/utils.php: Render_file exists->./articles/index.html
[2019-06-05 05:07:37] [INFO] /Users/fy/Documents/项目/WWW/PHP/ClipStore/config.php: PDO connect OK -> #
[2019-06-05 05:07:37] [INFO] /Users/fy/Documents/项目/WWW/PHP/ClipStore/search.php: DB search -> SELECT id,title from articles WHERE MATCH (title,body) AGAINST (? IN BOOLEAN MODE);  ssrf
[2019-06-05 05:08:06] [INFO] /Users/fy/Documents/项目/WWW/PHP/ClipStore/config.php: PDO connect OK -> #
[2019-06-05 05:08:06] [INFO] /Users/fy/Documents/项目/WWW/PHP/ClipStore/utils.php: Render_file exists->./articles/index.html
[2019-06-05 05:08:08] [INFO] /Users/fy/Documents/项目/WWW/PHP/ClipStore/config.php: PDO connect OK -> #
[2019-06-05 05:08:08] [INFO] /Users/fy/Documents/项目/WWW/PHP/ClipStore/search.php: DB search -> SELECT id,title from articles WHERE MATCH (title,body) AGAINST (? IN BOOLEAN MODE);  ssrf
[2019-06-05 05:12:15] [INFO] /Users/fy/Documents/项目/WWW/PHP/ClipStore/config.php: PDO connect OK -> #
[2019-06-05 05:12:15] [INFO] /Users/fy/Documents/项目/WWW/PHP/ClipStore/utils.php: Render_file exists->./articles/index.html
[2019-06-05 05:12:19] [INFO] /Users/fy/Documents/项目/WWW/PHP/ClipStore/config.php: PDO connect OK -> #
[2019-06-05 05:12:19] [INFO] /Users/fy/Documents/项目/WWW/PHP/ClipStore/search.php: DB search -> SELECT id,title from articles WHERE MATCH (title,body) AGAINST (? IN BOOLEAN MODE);  ssrf
[2019-06-05 05:12:25] [INFO] /Users/fy/Documents/项目/WWW/PHP/ClipStore/config.php: PDO connect OK -> #
[2019-06-05 05:12:25] [INFO] /Users/fy/Documents/项目/WWW/PHP/ClipStore/utils.php: Render_file exists->./articles/index.html
[2019-06-05 05:12:59] [INFO] /Users/fy/Documents/项目/WWW/PHP/ClipStore/config.php: PDO connect OK -> #
[2019-06-05 05:12:59] [INFO] /Users/fy/Documents/项目/WWW/PHP/ClipStore/utils.php: Render_file exists->./articles/index.html
[2019-06-05 05:13:17] [INFO] /Users/fy/Documents/项目/WWW/PHP/ClipStore/config.php: PDO connect OK -> #
[2019-06-05 05:13:17] [INFO] /Users/fy/Documents/项目/WWW/PHP/ClipStore/utils.php: Render_file exists->./articles/index.html
[2019-06-05 05:13:20] [INFO] /Users/fy/Documents/项目/WWW/PHP/ClipStore/config.php: PDO connect OK -> #
[2019-06-05 05:13:20] [INFO] /Users/fy/Documents/项目/WWW/PHP/ClipStore/search.php: DB search -> SELECT id,title from articles WHERE MATCH (title,body) AGAINST (? IN BOOLEAN MODE);  ssrf
[2019-06-05 05:14:04] [INFO] /Users/fy/Documents/项目/WWW/PHP/ClipStore/config.php: PDO connect OK -> #
[2019-06-05 05:14:04] [INFO] /Users/fy/Documents/项目/WWW/PHP/ClipStore/search.php: DB search -> SELECT id,title from articles WHERE MATCH (title,body) AGAINST (? IN BOOLEAN MODE);  \
[2019-06-05 05:14:05] [INFO] /Users/fy/Documents/项目/WWW/PHP/ClipStore/config.php: PDO connect OK -> #
[2019-06-05 05:14:05] [INFO] /Users/fy/Documents/项目/WWW/PHP/ClipStore/search.php: DB search -> SELECT id,title from articles WHERE MATCH (title,body) AGAINST (? IN BOOLEAN MODE);  \\
[2019-06-05 05:14:08] [INFO] /Users/fy/Documents/项目/WWW/PHP/ClipStore/config.php: PDO connect OK -> #
[2019-06-05 05:14:08] [INFO] /Users/fy/Documents/项目/WWW/PHP/ClipStore/search.php: DB search -> SELECT id,title from articles WHERE MATCH (title,body) AGAINST (? IN BOOLEAN MODE);  1
[2019-06-05 05:14:10] [INFO] /Users/fy/Documents/项目/WWW/PHP/ClipStore/config.php: PDO connect OK -> #
[2019-06-05 05:14:10] [INFO] /Users/fy/Documents/项目/WWW/PHP/ClipStore/search.php: DB search -> SELECT id,title from articles WHERE MATCH (title,body) AGAINST (? IN BOOLEAN MODE);  12
[2019-06-05 05:14:32] [INFO] /Users/fy/Documents/项目/WWW/PHP/ClipStore/config.php: PDO connect OK -> #
[2019-06-05 05:14:32] [INFO] /Users/fy/Documents/项目/WWW/PHP/ClipStore/utils.php: Render_file exists->./articles/index.html
[2019-06-05 05:15:19] [INFO] /Users/fy/Documents/项目/WWW/PHP/ClipStore/config.php: PDO connect OK -> #
[2019-06-05 05:15:19] [INFO] /Users/fy/Documents/项目/WWW/PHP/ClipStore/utils.php: Render_file exists->./articles/index.html
[2019-06-05 05:15:21] [INFO] /Users/fy/Documents/项目/WWW/PHP/ClipStore/config.php: PDO connect OK -> #
[2019-06-05 05:15:21] [INFO] /Users/fy/Documents/项目/WWW/PHP/ClipStore/search.php: DB search -> SELECT id,title from articles WHERE MATCH (title,body) AGAINST (? IN BOOLEAN MODE);  pwn
[2019-06-05 05:15:24] [INFO] /Users/fy/Documents/项目/WWW/PHP/ClipStore/config.php: PDO connect OK -> #
[2019-06-05 05:15:24] [INFO] /Users/fy/Documents/项目/WWW/PHP/ClipStore/search.php: DB search -> SELECT id,title from articles WHERE MATCH (title,body) AGAINST (? IN BOOLEAN MODE);  pwn环境
[2019-06-05 15:48:57] [INFO] /Users/fy/Documents/项目/WWW/PHP/ClipStore/config.php: PDO connect OK -> #
[2019-06-05 15:48:57] [INFO] /Users/fy/Documents/项目/WWW/PHP/ClipStore/utils.php: Render_file exists->./articles/index.html
[2019-06-05 15:48:57] [INFO] /Users/fy/Documents/项目/WWW/PHP/ClipStore/utils.php: Uploading: ./uploads/SSRF小结 _ J0k3r.html
[2019-06-05 15:48:57] [INFO] /Users/fy/Documents/项目/WWW/PHP/ClipStore/utils.php: Success uploaded: ./uploads/SSRF小结 _ J0k3r.html
[2019-06-05 15:49:01] [INFO] /Users/fy/Documents/项目/WWW/PHP/ClipStore/config.php: PDO connect OK -> #
[2019-06-05 15:49:01] [INFO] /Users/fy/Documents/项目/WWW/PHP/ClipStore/search.php: DB search -> SELECT id,title from articles WHERE MATCH (title,body) AGAINST (? IN BOOLEAN MODE);  +ssrf
[2019-06-05 17:23:31] [INFO] /Users/fy/Documents/项目/WWW/PHP/ClipStore/config.php: PDO connect OK -> #
[2019-06-05 17:23:31] [INFO] /Users/fy/Documents/项目/WWW/PHP/ClipStore/utils.php: Render_file exists->./articles/index.html
[2019-06-05 17:23:32] [INFO] /Users/fy/Documents/项目/WWW/PHP/ClipStore/config.php: PDO connect OK -> #
[2019-06-05 17:23:32] [INFO] /Users/fy/Documents/项目/WWW/PHP/ClipStore/search.php: DB search -> SELECT id,title from articles WHERE MATCH (title,body) AGAINST (? IN BOOLEAN MODE);  ssrf
[2019-06-05 17:24:17] [INFO] /Users/fy/Documents/项目/WWW/PHP/ClipStore/config.php: PDO connect OK -> #
[2019-06-05 17:24:17] [INFO] /Users/fy/Documents/项目/WWW/PHP/ClipStore/utils.php: Render_file exists->./articles/index.html
[2019-06-05 17:24:17] [INFO] /Users/fy/Documents/项目/WWW/PHP/ClipStore/utils.php: Uploading: ./uploads/教你通过Node.js漏洞完成渗透测试 - FreeBuf专栏·i春秋学院.html
[2019-06-05 17:24:17] [INFO] /Users/fy/Documents/项目/WWW/PHP/ClipStore/utils.php: Success uploaded: ./uploads/教你通过Node.js漏洞完成渗透测试 - FreeBuf专栏·i春秋学院.html
[2019-06-05 17:24:17] [INFO] /Users/fy/Documents/项目/WWW/PHP/ClipStore/utils.php: Uploading: ./uploads/由浅入深剖析序列化攻击（一） - 嘶吼 RoarTalk - 回归最本质的信息安全,互联网安全新媒体,4hou.com.html
[2019-06-05 17:24:17] [INFO] /Users/fy/Documents/项目/WWW/PHP/ClipStore/utils.php: Success uploaded: ./uploads/由浅入深剖析序列化攻击（一） - 嘶吼 RoarTalk - 回归最本质的信息安全,互联网安全新媒体,4hou.com.html
[2019-06-05 17:24:17] [INFO] /Users/fy/Documents/项目/WWW/PHP/ClipStore/utils.php: Uploading: ./uploads/由浅入深剖析序列化攻击（二） - 嘶吼 RoarTalk - 回归最本质的信息安全,互联网安全新媒体,4hou.com.html
[2019-06-05 17:24:17] [INFO] /Users/fy/Documents/项目/WWW/PHP/ClipStore/utils.php: Success uploaded: ./uploads/由浅入深剖析序列化攻击（二） - 嘶吼 RoarTalk - 回归最本质的信息安全,互联网安全新媒体,4hou.com.html
[2019-06-05 17:24:20] [INFO] /Users/fy/Documents/项目/WWW/PHP/ClipStore/config.php: PDO connect OK -> #
[2019-06-05 17:24:20] [INFO] /Users/fy/Documents/项目/WWW/PHP/ClipStore/search.php: DB search -> SELECT id,title from articles WHERE MATCH (title,body) AGAINST (? IN BOOLEAN MODE);  ssrf
[2019-06-05 17:24:25] [INFO] /Users/fy/Documents/项目/WWW/PHP/ClipStore/config.php: PDO connect OK -> #
[2019-06-05 17:24:25] [INFO] /Users/fy/Documents/项目/WWW/PHP/ClipStore/search.php: DB search -> SELECT id,title from articles WHERE MATCH (title,body) AGAINST (? IN BOOLEAN MODE);  ss
[2019-06-05 17:25:17] [INFO] /Users/fy/Documents/项目/WWW/PHP/ClipStore/config.php: PDO connect OK -> #
[2019-06-05 17:25:17] [INFO] /Users/fy/Documents/项目/WWW/PHP/ClipStore/search.php: DB search -> SELECT id,title from articles WHERE MATCH (title,body) AGAINST (? IN BOOLEAN MODE);  ssrf
[2019-06-05 17:25:22] [INFO] /Users/fy/Documents/项目/WWW/PHP/ClipStore/config.php: PDO connect OK -> #
[2019-06-05 17:25:22] [INFO] /Users/fy/Documents/项目/WWW/PHP/ClipStore/search.php: DB search -> SELECT id,title from articles WHERE MATCH (title,body) AGAINST (? IN BOOLEAN MODE);  序列化
[2019-06-05 17:25:28] [INFO] /Users/fy/Documents/项目/WWW/PHP/ClipStore/config.php: PDO connect OK -> #
[2019-06-05 17:25:28] [INFO] /Users/fy/Documents/项目/WWW/PHP/ClipStore/search.php: DB search -> SELECT id,title from articles WHERE MATCH (title,body) AGAINST (? IN BOOLEAN MODE);  序列化 一叶
[2019-06-05 17:25:32] [INFO] /Users/fy/Documents/项目/WWW/PHP/ClipStore/config.php: PDO connect OK -> #
[2019-06-05 17:25:32] [INFO] /Users/fy/Documents/项目/WWW/PHP/ClipStore/search.php: DB search -> SELECT id,title from articles WHERE MATCH (title,body) AGAINST (? IN BOOLEAN MODE);  一叶飘零
[2019-06-05 17:25:50] [INFO] /Users/fy/Documents/项目/WWW/PHP/ClipStore/config.php: PDO connect OK -> #
[2019-06-05 17:25:50] [INFO] /Users/fy/Documents/项目/WWW/PHP/ClipStore/search.php: DB search -> SELECT id,title from articles WHERE MATCH (title,body) AGAINST (? IN BOOLEAN MODE);  序列化 原生类
[2019-06-05 17:25:54] [INFO] /Users/fy/Documents/项目/WWW/PHP/ClipStore/config.php: PDO connect OK -> #
[2019-06-05 17:25:54] [INFO] /Users/fy/Documents/项目/WWW/PHP/ClipStore/search.php: DB search -> SELECT id,title from articles WHERE MATCH (title,body) AGAINST (? IN BOOLEAN MODE);  +序列化 +原生类
[2019-06-05 17:30:06] [INFO] /Users/fy/Documents/项目/WWW/PHP/ClipStore/config.php: PDO connect OK -> #
[2019-06-05 17:30:06] [INFO] /Users/fy/Documents/项目/WWW/PHP/ClipStore/utils.php: Render_file exists->./articles/index.html
[2019-06-05 17:30:10] [INFO] /Users/fy/Documents/项目/WWW/PHP/ClipStore/config.php: PDO connect OK -> #
[2019-06-05 17:30:10] [INFO] /Users/fy/Documents/项目/WWW/PHP/ClipStore/search.php: DB search -> SELECT id,title from articles WHERE MATCH (title,body) AGAINST (? IN BOOLEAN MODE);  ssrf
[2019-06-05 17:30:12] [INFO] /Users/fy/Documents/项目/WWW/PHP/ClipStore/config.php: PDO connect OK -> #
[2019-06-05 17:30:12] [INFO] /Users/fy/Documents/项目/WWW/PHP/ClipStore/utils.php: Render_file exists->./articles/index.html
[2019-06-05 17:30:14] [INFO] /Users/fy/Documents/项目/WWW/PHP/ClipStore/config.php: PDO connect OK -> #
[2019-06-05 17:30:14] [INFO] /Users/fy/Documents/项目/WWW/PHP/ClipStore/search.php: DB search -> SELECT id,title from articles WHERE MATCH (title,body) AGAINST (? IN BOOLEAN MODE);  ssrf
[2019-06-05 17:30:14] [INFO] /Users/fy/Documents/项目/WWW/PHP/ClipStore/config.php: PDO connect OK -> #
[2019-06-05 17:30:14] [INFO] /Users/fy/Documents/项目/WWW/PHP/ClipStore/search.php: DB search -> SELECT id,title from articles WHERE MATCH (title,body) AGAINST (? IN BOOLEAN MODE);  ssrf
[2019-06-05 17:33:03] [INFO] /Users/fy/Documents/项目/WWW/PHP/ClipStore/config.php: PDO connect OK -> #
[2019-06-05 17:33:03] [INFO] /Users/fy/Documents/项目/WWW/PHP/ClipStore/utils.php: Render_file exists->./articles/index.html
[2019-06-05 17:33:18] [INFO] /Users/fy/Documents/项目/WWW/PHP/ClipStore/config.php: PDO connect OK -> #
[2019-06-05 17:33:18] [INFO] /Users/fy/Documents/项目/WWW/PHP/ClipStore/utils.php: Render_file exists->./articles/index.html
[2019-06-05 17:33:24] [INFO] /Users/fy/Documents/项目/WWW/PHP/ClipStore/config.php: PDO connect OK -> #
[2019-06-05 17:33:24] [INFO] /Users/fy/Documents/项目/WWW/PHP/ClipStore/utils.php: Render_file exists->./articles/index.html
[2019-06-05 17:33:28] [INFO] /Users/fy/Documents/项目/WWW/PHP/ClipStore/config.php: PDO connect OK -> #
[2019-06-05 17:33:28] [INFO] /Users/fy/Documents/项目/WWW/PHP/ClipStore/utils.php: Render_file exists->./articles/index.html
[2019-06-05 17:33:35] [INFO] /Users/fy/Documents/项目/WWW/PHP/ClipStore/config.php: PDO connect OK -> #
[2019-06-05 17:33:35] [INFO] /Users/fy/Documents/项目/WWW/PHP/ClipStore/search.php: DB search -> SELECT id,title from articles WHERE MATCH (title,body) AGAINST (? IN BOOLEAN MODE);  ssrf
[2019-06-05 17:34:03] [INFO] /Users/fy/Documents/项目/WWW/PHP/ClipStore/config.php: PDO connect OK -> #
[2019-06-05 17:34:03] [INFO] /Users/fy/Documents/项目/WWW/PHP/ClipStore/utils.php: Render_file exists->./articles/index.html
[2019-06-05 17:34:07] [INFO] /Users/fy/Documents/项目/WWW/PHP/ClipStore/config.php: PDO connect OK -> #
[2019-06-05 17:34:07] [INFO] /Users/fy/Documents/项目/WWW/PHP/ClipStore/search.php: DB search -> SELECT id,title from articles WHERE MATCH (title,body) AGAINST (? IN BOOLEAN MODE);  ssrf
[2019-06-05 17:35:10] [INFO] /Users/fy/Documents/项目/WWW/PHP/ClipStore/config.php: PDO connect OK -> #
[2019-06-05 17:35:10] [INFO] /Users/fy/Documents/项目/WWW/PHP/ClipStore/utils.php: Render_file exists->./articles/index.html
[2019-06-05 17:35:23] [INFO] /Users/fy/Documents/项目/WWW/PHP/ClipStore/config.php: PDO connect OK -> #
[2019-06-05 17:35:23] [INFO] /Users/fy/Documents/项目/WWW/PHP/ClipStore/utils.php: Render_file exists->./articles/index.html
[2019-06-05 17:35:28] [INFO] /Users/fy/Documents/项目/WWW/PHP/ClipStore/config.php: PDO connect OK -> #
[2019-06-05 17:35:28] [INFO] /Users/fy/Documents/项目/WWW/PHP/ClipStore/search.php: DB search -> SELECT id,title from articles WHERE MATCH (title,body) AGAINST (? IN BOOLEAN MODE);  ssrf
[2019-06-05 17:36:04] [INFO] /Users/fy/Documents/项目/WWW/PHP/ClipStore/config.php: PDO connect OK -> #
[2019-06-05 17:36:04] [INFO] /Users/fy/Documents/项目/WWW/PHP/ClipStore/utils.php: Render_file exists->./articles/index.html
[2019-06-05 17:36:07] [INFO] /Users/fy/Documents/项目/WWW/PHP/ClipStore/config.php: PDO connect OK -> #
[2019-06-05 17:36:07] [INFO] /Users/fy/Documents/项目/WWW/PHP/ClipStore/search.php: DB search -> SELECT id,title from articles WHERE MATCH (title,body) AGAINST (? IN BOOLEAN MODE);  ssrf
[2019-06-05 17:36:28] [INFO] /Users/fy/Documents/项目/WWW/PHP/ClipStore/config.php: PDO connect OK -> #
[2019-06-05 17:36:28] [INFO] /Users/fy/Documents/项目/WWW/PHP/ClipStore/utils.php: Render_file exists->./articles/index.html
[2019-06-05 17:36:31] [INFO] /Users/fy/Documents/项目/WWW/PHP/ClipStore/config.php: PDO connect OK -> #
[2019-06-05 17:36:31] [INFO] /Users/fy/Documents/项目/WWW/PHP/ClipStore/search.php: DB search -> SELECT id,title from articles WHERE MATCH (title,body) AGAINST (? IN BOOLEAN MODE);  ssrf
[2019-06-05 17:37:31] [INFO] /Users/fy/Documents/项目/WWW/PHP/ClipStore/config.php: PDO connect OK -> #
[2019-06-05 17:37:31] [INFO] /Users/fy/Documents/项目/WWW/PHP/ClipStore/utils.php: Render_file exists->./articles/index.html
[2019-06-05 17:37:49] [INFO] /Users/fy/Documents/项目/WWW/PHP/ClipStore/config.php: PDO connect OK -> #
[2019-06-05 17:37:49] [INFO] /Users/fy/Documents/项目/WWW/PHP/ClipStore/utils.php: Render_file exists->./articles/index.html
[2019-06-05 17:37:54] [INFO] /Users/fy/Documents/项目/WWW/PHP/ClipStore/config.php: PDO connect OK -> #
[2019-06-05 17:37:54] [INFO] /Users/fy/Documents/项目/WWW/PHP/ClipStore/search.php: DB search -> SELECT id,title from articles WHERE MATCH (title,body) AGAINST (? IN BOOLEAN MODE);  ssrf
[2019-06-05 17:40:54] [INFO] /Users/fy/Documents/项目/WWW/PHP/ClipStore/config.php: PDO connect OK -> #
[2019-06-05 17:40:54] [INFO] /Users/fy/Documents/项目/WWW/PHP/ClipStore/utils.php: Render_file exists->./articles/index.html
[2019-06-05 17:41:13] [INFO] /Users/fy/Documents/项目/WWW/PHP/ClipStore/config.php: PDO connect OK -> #
[2019-06-05 17:41:13] [INFO] /Users/fy/Documents/项目/WWW/PHP/ClipStore/utils.php: Render_file exists->./articles/index.html
[2019-06-05 17:41:43] [INFO] /Users/fy/Documents/项目/WWW/PHP/ClipStore/config.php: PDO connect OK -> #
[2019-06-05 17:41:43] [INFO] /Users/fy/Documents/项目/WWW/PHP/ClipStore/search.php: DB search -> SELECT id,title from articles WHERE MATCH (title,body) AGAINST (? IN BOOLEAN MODE);  ssrf
[2019-06-05 17:42:07] [INFO] /Users/fy/Documents/项目/WWW/PHP/ClipStore/config.php: PDO connect OK -> #
[2019-06-05 17:42:07] [INFO] /Users/fy/Documents/项目/WWW/PHP/ClipStore/utils.php: Render_file exists->./articles/index.html
[2019-06-05 17:42:09] [INFO] /Users/fy/Documents/项目/WWW/PHP/ClipStore/config.php: PDO connect OK -> #
[2019-06-05 17:42:09] [INFO] /Users/fy/Documents/项目/WWW/PHP/ClipStore/search.php: DB search -> SELECT id,title from articles WHERE MATCH (title,body) AGAINST (? IN BOOLEAN MODE);  ssrf
[2019-06-05 17:42:36] [INFO] /Users/fy/Documents/项目/WWW/PHP/ClipStore/config.php: PDO connect OK -> #
[2019-06-05 17:42:36] [INFO] /Users/fy/Documents/项目/WWW/PHP/ClipStore/utils.php: Render_file exists->./articles/index.html
[2019-06-05 17:42:41] [INFO] /Users/fy/Documents/项目/WWW/PHP/ClipStore/config.php: PDO connect OK -> #
[2019-06-05 17:42:41] [INFO] /Users/fy/Documents/项目/WWW/PHP/ClipStore/search.php: DB search -> SELECT id,title from articles WHERE MATCH (title,body) AGAINST (? IN BOOLEAN MODE);  ssrf
[2019-06-05 17:43:14] [INFO] /Users/fy/Documents/项目/WWW/PHP/ClipStore/config.php: PDO connect OK -> #
[2019-06-05 17:43:14] [INFO] /Users/fy/Documents/项目/WWW/PHP/ClipStore/utils.php: Render_file exists->./articles/index.html
[2019-06-05 17:44:03] [INFO] /Users/fy/Documents/项目/WWW/PHP/ClipStore/config.php: PDO connect OK -> #
[2019-06-05 17:44:03] [INFO] /Users/fy/Documents/项目/WWW/PHP/ClipStore/utils.php: Render_file exists->./articles/index.html
[2019-06-05 17:44:27] [INFO] /Users/fy/Documents/项目/WWW/PHP/ClipStore/config.php: PDO connect OK -> #
[2019-06-05 17:44:27] [INFO] /Users/fy/Documents/项目/WWW/PHP/ClipStore/search.php: DB search -> SELECT id,title from articles WHERE MATCH (title,body) AGAINST (? IN BOOLEAN MODE);  ssrf
[2019-06-05 17:44:49] [INFO] /Users/fy/Documents/项目/WWW/PHP/ClipStore/config.php: PDO connect OK -> #
[2019-06-05 17:44:49] [INFO] /Users/fy/Documents/项目/WWW/PHP/ClipStore/utils.php: Render_file exists->./articles/index.html
[2019-06-05 17:44:53] [INFO] /Users/fy/Documents/项目/WWW/PHP/ClipStore/config.php: PDO connect OK -> #
[2019-06-05 17:44:53] [INFO] /Users/fy/Documents/项目/WWW/PHP/ClipStore/search.php: DB search -> SELECT id,title from articles WHERE MATCH (title,body) AGAINST (? IN BOOLEAN MODE);  ssrf
[2019-06-05 17:45:42] [INFO] /Users/fy/Documents/项目/WWW/PHP/ClipStore/config.php: PDO connect OK -> #
[2019-06-05 17:45:42] [INFO] /Users/fy/Documents/项目/WWW/PHP/ClipStore/utils.php: Render_file exists->./articles/index.html
[2019-06-05 17:45:46] [INFO] /Users/fy/Documents/项目/WWW/PHP/ClipStore/config.php: PDO connect OK -> #
[2019-06-05 17:45:46] [INFO] /Users/fy/Documents/项目/WWW/PHP/ClipStore/utils.php: Render_file exists->./articles/index.html
[2019-06-05 17:45:53] [INFO] /Users/fy/Documents/项目/WWW/PHP/ClipStore/config.php: PDO connect OK -> #
[2019-06-05 17:45:53] [INFO] /Users/fy/Documents/项目/WWW/PHP/ClipStore/utils.php: Render_file exists->./articles/index.html
[2019-06-05 17:45:54] [INFO] /Users/fy/Documents/项目/WWW/PHP/ClipStore/config.php: PDO connect OK -> #
[2019-06-05 17:45:54] [INFO] /Users/fy/Documents/项目/WWW/PHP/ClipStore/search.php: DB search -> SELECT id,title from articles WHERE MATCH (title,body) AGAINST (? IN BOOLEAN MODE);  ssrf
[2019-06-05 17:46:39] [INFO] /Users/fy/Documents/项目/WWW/PHP/ClipStore/config.php: PDO connect OK -> #
[2019-06-05 17:46:39] [INFO] /Users/fy/Documents/项目/WWW/PHP/ClipStore/utils.php: Render_file exists->./articles/index.html
[2019-06-05 17:47:01] [INFO] /Users/fy/Documents/项目/WWW/PHP/ClipStore/config.php: PDO connect OK -> #
[2019-06-05 17:47:01] [INFO] /Users/fy/Documents/项目/WWW/PHP/ClipStore/utils.php: Render_file exists->./articles/index.html
[2019-06-05 17:47:58] [INFO] /Users/fy/Documents/项目/WWW/PHP/ClipStore/config.php: PDO connect OK -> #
[2019-06-05 17:47:58] [INFO] /Users/fy/Documents/项目/WWW/PHP/ClipStore/utils.php: Render_file exists->./articles/index.html
[2019-06-05 17:48:04] [INFO] /Users/fy/Documents/项目/WWW/PHP/ClipStore/config.php: PDO connect OK -> #
[2019-06-05 17:48:04] [INFO] /Users/fy/Documents/项目/WWW/PHP/ClipStore/utils.php: Render_file exists->./articles/index.html
[2019-06-05 17:48:22] [INFO] /Users/fy/Documents/项目/WWW/PHP/ClipStore/config.php: PDO connect OK -> #
[2019-06-05 17:48:22] [INFO] /Users/fy/Documents/项目/WWW/PHP/ClipStore/utils.php: Render_file exists->./articles/index.html
[2019-06-05 17:48:27] [INFO] /Users/fy/Documents/项目/WWW/PHP/ClipStore/config.php: PDO connect OK -> #
[2019-06-05 17:48:27] [INFO] /Users/fy/Documents/项目/WWW/PHP/ClipStore/utils.php: Render_file exists->./articles/index.html
[2019-06-05 17:48:33] [INFO] /Users/fy/Documents/项目/WWW/PHP/ClipStore/config.php: PDO connect OK -> #
[2019-06-05 17:48:33] [INFO] /Users/fy/Documents/项目/WWW/PHP/ClipStore/utils.php: Render_file exists->./articles/index.html
[2019-06-05 17:48:54] [INFO] /Users/fy/Documents/项目/WWW/PHP/ClipStore/config.php: PDO connect OK -> #
[2019-06-05 17:48:54] [INFO] /Users/fy/Documents/项目/WWW/PHP/ClipStore/utils.php: Render_file exists->./articles/index.html
[2019-06-05 17:48:56] [INFO] /Users/fy/Documents/项目/WWW/PHP/ClipStore/config.php: PDO connect OK -> #
[2019-06-05 17:48:56] [INFO] /Users/fy/Documents/项目/WWW/PHP/ClipStore/utils.php: Render_file exists->./articles/index.html
[2019-06-05 17:49:24] [INFO] /Users/fy/Documents/项目/WWW/PHP/ClipStore/config.php: PDO connect OK -> #
[2019-06-05 17:49:24] [INFO] /Users/fy/Documents/项目/WWW/PHP/ClipStore/utils.php: Render_file exists->./articles/index.html
[2019-06-05 17:50:04] [INFO] /Users/fy/Documents/项目/WWW/PHP/ClipStore/config.php: PDO connect OK -> #
[2019-06-05 17:50:04] [INFO] /Users/fy/Documents/项目/WWW/PHP/ClipStore/utils.php: Render_file exists->./articles/index.html
[2019-06-05 17:50:22] [INFO] /Users/fy/Documents/项目/WWW/PHP/ClipStore/config.php: PDO connect OK -> #
[2019-06-05 17:50:22] [INFO] /Users/fy/Documents/项目/WWW/PHP/ClipStore/utils.php: Render_file exists->./articles/index.html
[2019-06-05 17:50:30] [INFO] /Users/fy/Documents/项目/WWW/PHP/ClipStore/config.php: PDO connect OK -> #
[2019-06-05 17:50:30] [INFO] /Users/fy/Documents/项目/WWW/PHP/ClipStore/utils.php: Render_file exists->./articles/index.html
[2019-06-05 17:50:40] [INFO] /Users/fy/Documents/项目/WWW/PHP/ClipStore/config.php: PDO connect OK -> #
[2019-06-05 17:50:40] [INFO] /Users/fy/Documents/项目/WWW/PHP/ClipStore/utils.php: Render_file exists->./articles/index.html
[2019-06-05 17:50:55] [INFO] /Users/fy/Documents/项目/WWW/PHP/ClipStore/config.php: PDO connect OK -> #
[2019-06-05 17:50:55] [INFO] /Users/fy/Documents/项目/WWW/PHP/ClipStore/utils.php: Render_file exists->./articles/index.html
[2019-06-05 17:51:15] [INFO] /Users/fy/Documents/项目/WWW/PHP/ClipStore/config.php: PDO connect OK -> #
[2019-06-05 17:51:15] [INFO] /Users/fy/Documents/项目/WWW/PHP/ClipStore/utils.php: Render_file exists->./articles/index.html
[2019-06-05 17:52:22] [INFO] /Users/fy/Documents/项目/WWW/PHP/ClipStore/config.php: PDO connect OK -> #
[2019-06-05 17:52:22] [INFO] /Users/fy/Documents/项目/WWW/PHP/ClipStore/utils.php: Render_file exists->./articles/index.html
[2019-06-05 17:52:46] [INFO] /Users/fy/Documents/项目/WWW/PHP/ClipStore/config.php: PDO connect OK -> #
[2019-06-05 17:52:46] [INFO] /Users/fy/Documents/项目/WWW/PHP/ClipStore/utils.php: Render_file exists->./articles/index.html
[2019-06-05 17:52:48] [INFO] /Users/fy/Documents/项目/WWW/PHP/ClipStore/config.php: PDO connect OK -> #
[2019-06-05 17:52:48] [INFO] /Users/fy/Documents/项目/WWW/PHP/ClipStore/utils.php: Render_file exists->./articles/index.html
[2019-06-05 17:52:52] [INFO] /Users/fy/Documents/项目/WWW/PHP/ClipStore/config.php: PDO connect OK -> #
[2019-06-05 17:52:52] [INFO] /Users/fy/Documents/项目/WWW/PHP/ClipStore/utils.php: Render_file exists->./articles/index.html
[2019-06-05 17:54:18] [INFO] /Users/fy/Documents/项目/WWW/PHP/ClipStore/config.php: PDO connect OK -> #
[2019-06-05 17:54:18] [INFO] /Users/fy/Documents/项目/WWW/PHP/ClipStore/utils.php: Render_file exists->./articles/index.html
[2019-06-05 17:54:36] [INFO] /Users/fy/Documents/项目/WWW/PHP/ClipStore/config.php: PDO connect OK -> #
[2019-06-05 17:54:36] [INFO] /Users/fy/Documents/项目/WWW/PHP/ClipStore/utils.php: Render_file exists->./articles/index.html
[2019-06-05 17:54:59] [INFO] /Users/fy/Documents/项目/WWW/PHP/ClipStore/config.php: PDO connect OK -> #
[2019-06-05 17:54:59] [INFO] /Users/fy/Documents/项目/WWW/PHP/ClipStore/utils.php: Render_file exists->./articles/index.html
[2019-06-05 17:57:05] [INFO] /Users/fy/Documents/项目/WWW/PHP/ClipStore/config.php: PDO connect OK -> #
[2019-06-05 17:57:05] [INFO] /Users/fy/Documents/项目/WWW/PHP/ClipStore/utils.php: Render_file exists->./articles/index.html
[2019-06-05 17:57:08] [INFO] /Users/fy/Documents/项目/WWW/PHP/ClipStore/config.php: PDO connect OK -> #
[2019-06-05 17:57:08] [INFO] /Users/fy/Documents/项目/WWW/PHP/ClipStore/search.php: DB search -> SELECT id,title from articles WHERE MATCH (title,body) AGAINST (? IN BOOLEAN MODE);  sdf
[2019-06-05 17:57:23] [INFO] /Users/fy/Documents/项目/WWW/PHP/ClipStore/config.php: PDO connect OK -> #
[2019-06-05 17:57:23] [INFO] /Users/fy/Documents/项目/WWW/PHP/ClipStore/utils.php: Render_file exists->./articles/index.html
[2019-06-05 17:57:25] [INFO] /Users/fy/Documents/项目/WWW/PHP/ClipStore/config.php: PDO connect OK -> #
[2019-06-05 17:57:25] [INFO] /Users/fy/Documents/项目/WWW/PHP/ClipStore/search.php: DB search -> SELECT id,title from articles WHERE MATCH (title,body) AGAINST (? IN BOOLEAN MODE);  asdf
[2019-06-05 17:57:39] [INFO] /Users/fy/Documents/项目/WWW/PHP/ClipStore/config.php: PDO connect OK -> #
[2019-06-05 17:57:39] [INFO] /Users/fy/Documents/项目/WWW/PHP/ClipStore/utils.php: Render_file exists->./articles/index.html
[2019-06-05 17:57:41] [INFO] /Users/fy/Documents/项目/WWW/PHP/ClipStore/config.php: PDO connect OK -> #
[2019-06-05 17:57:41] [INFO] /Users/fy/Documents/项目/WWW/PHP/ClipStore/search.php: DB search -> SELECT id,title from articles WHERE MATCH (title,body) AGAINST (? IN BOOLEAN MODE);  asf
[2019-06-05 17:57:47] [INFO] /Users/fy/Documents/项目/WWW/PHP/ClipStore/config.php: PDO connect OK -> #
[2019-06-05 17:57:47] [INFO] /Users/fy/Documents/项目/WWW/PHP/ClipStore/utils.php: Render_file exists->./articles/index.html
[2019-06-05 17:57:48] [INFO] /Users/fy/Documents/项目/WWW/PHP/ClipStore/config.php: PDO connect OK -> #
[2019-06-05 17:57:48] [INFO] /Users/fy/Documents/项目/WWW/PHP/ClipStore/search.php: DB search -> SELECT id,title from articles WHERE MATCH (title,body) AGAINST (? IN BOOLEAN MODE);  asdf
[2019-06-05 17:59:06] [INFO] /Users/fy/Documents/项目/WWW/PHP/ClipStore/config.php: PDO connect OK -> #
[2019-06-05 17:59:06] [INFO] /Users/fy/Documents/项目/WWW/PHP/ClipStore/utils.php: Render_file exists->./articles/index.html
[2019-06-05 17:59:08] [INFO] /Users/fy/Documents/项目/WWW/PHP/ClipStore/config.php: PDO connect OK -> #
[2019-06-05 17:59:08] [INFO] /Users/fy/Documents/项目/WWW/PHP/ClipStore/utils.php: Render_file exists->./articles/index.html
[2019-06-05 17:59:10] [INFO] /Users/fy/Documents/项目/WWW/PHP/ClipStore/config.php: PDO connect OK -> #
[2019-06-05 17:59:10] [INFO] /Users/fy/Documents/项目/WWW/PHP/ClipStore/search.php: DB search -> SELECT id,title from articles WHERE MATCH (title,body) AGAINST (? IN BOOLEAN MODE);  asf
[2019-06-05 17:59:16] [INFO] /Users/fy/Documents/项目/WWW/PHP/ClipStore/config.php: PDO connect OK -> #
[2019-06-05 17:59:16] [INFO] /Users/fy/Documents/项目/WWW/PHP/ClipStore/search.php: DB search -> SELECT id,title from articles WHERE MATCH (title,body) AGAINST (? IN BOOLEAN MODE);  asdf
[2019-06-05 17:59:18] [INFO] /Users/fy/Documents/项目/WWW/PHP/ClipStore/config.php: PDO connect OK -> #
[2019-06-05 17:59:18] [INFO] /Users/fy/Documents/项目/WWW/PHP/ClipStore/search.php: DB search -> SELECT id,title from articles WHERE MATCH (title,body) AGAINST (? IN BOOLEAN MODE);  as
[2019-06-05 17:59:19] [INFO] /Users/fy/Documents/项目/WWW/PHP/ClipStore/config.php: PDO connect OK -> #
[2019-06-05 17:59:19] [INFO] /Users/fy/Documents/项目/WWW/PHP/ClipStore/search.php: DB search -> SELECT id,title from articles WHERE MATCH (title,body) AGAINST (? IN BOOLEAN MODE);  a
[2019-06-05 17:59:21] [INFO] /Users/fy/Documents/项目/WWW/PHP/ClipStore/config.php: PDO connect OK -> #
[2019-06-05 17:59:21] [INFO] /Users/fy/Documents/项目/WWW/PHP/ClipStore/search.php: DB search -> SELECT id,title from articles WHERE MATCH (title,body) AGAINST (? IN BOOLEAN MODE);  ass
[2019-06-05 17:59:27] [INFO] /Users/fy/Documents/项目/WWW/PHP/ClipStore/config.php: PDO connect OK -> #
[2019-06-05 17:59:27] [INFO] /Users/fy/Documents/项目/WWW/PHP/ClipStore/utils.php: Render_file exists->./articles/index.html
[2019-06-05 17:59:38] [INFO] /Users/fy/Documents/项目/WWW/PHP/ClipStore/config.php: PDO connect OK -> #
[2019-06-05 17:59:38] [INFO] /Users/fy/Documents/项目/WWW/PHP/ClipStore/utils.php: Render_file exists->./articles/index.html
[2019-06-05 17:59:43] [INFO] /Users/fy/Documents/项目/WWW/PHP/ClipStore/config.php: PDO connect OK -> #
[2019-06-05 17:59:43] [INFO] /Users/fy/Documents/项目/WWW/PHP/ClipStore/utils.php: Render_file exists->./articles/index.html
[2019-06-05 17:59:47] [INFO] /Users/fy/Documents/项目/WWW/PHP/ClipStore/config.php: PDO connect OK -> #
[2019-06-05 17:59:47] [INFO] /Users/fy/Documents/项目/WWW/PHP/ClipStore/utils.php: Render_file exists->./articles/index.html
[2019-06-05 18:00:00] [INFO] /Users/fy/Documents/项目/WWW/PHP/ClipStore/config.php: PDO connect OK -> #
[2019-06-05 18:00:00] [INFO] /Users/fy/Documents/项目/WWW/PHP/ClipStore/utils.php: Render_file exists->./articles/index.html
[2019-06-05 18:00:09] [INFO] /Users/fy/Documents/项目/WWW/PHP/ClipStore/config.php: PDO connect OK -> #
[2019-06-05 18:00:09] [INFO] /Users/fy/Documents/项目/WWW/PHP/ClipStore/utils.php: Render_file exists->./articles/index.html
[2019-06-05 18:00:16] [INFO] /Users/fy/Documents/项目/WWW/PHP/ClipStore/config.php: PDO connect OK -> #
[2019-06-05 18:00:16] [INFO] /Users/fy/Documents/项目/WWW/PHP/ClipStore/search.php: DB search -> SELECT id,title from articles WHERE MATCH (title,body) AGAINST (? IN BOOLEAN MODE);  asf
[2019-06-05 18:04:35] [INFO] /Users/fy/Documents/项目/WWW/PHP/ClipStore/config.php: PDO connect OK -> #
[2019-06-05 18:04:35] [INFO] /Users/fy/Documents/项目/WWW/PHP/ClipStore/utils.php: Render_file exists->./articles/index.html
[2019-06-05 18:04:36] [INFO] /Users/fy/Documents/项目/WWW/PHP/ClipStore/config.php: PDO connect OK -> #
[2019-06-05 18:04:36] [INFO] /Users/fy/Documents/项目/WWW/PHP/ClipStore/utils.php: Render_file exists->./articles/index.html
[2019-06-05 18:04:38] [INFO] /Users/fy/Documents/项目/WWW/PHP/ClipStore/config.php: PDO connect OK -> #
[2019-06-05 18:04:38] [INFO] /Users/fy/Documents/项目/WWW/PHP/ClipStore/utils.php: Render_file exists->./articles/index.html
[2019-06-05 18:04:40] [INFO] /Users/fy/Documents/项目/WWW/PHP/ClipStore/config.php: PDO connect OK -> #
[2019-06-05 18:04:40] [INFO] /Users/fy/Documents/项目/WWW/PHP/ClipStore/search.php: DB search -> SELECT id,title from articles WHERE MATCH (title,body) AGAINST (? IN BOOLEAN MODE);  asd
[2019-06-05 18:06:50] [INFO] /Users/fy/Documents/项目/WWW/PHP/ClipStore/config.php: PDO connect OK -> #
[2019-06-05 18:06:50] [INFO] /Users/fy/Documents/项目/WWW/PHP/ClipStore/utils.php: Render_file exists->./articles/index.html
[2019-06-05 18:06:52] [INFO] /Users/fy/Documents/项目/WWW/PHP/ClipStore/config.php: PDO connect OK -> #
[2019-06-05 18:06:52] [INFO] /Users/fy/Documents/项目/WWW/PHP/ClipStore/search.php: DB search -> SELECT id,title from articles WHERE MATCH (title,body) AGAINST (? IN BOOLEAN MODE);  asdf
[2019-06-05 18:06:53] [INFO] /Users/fy/Documents/项目/WWW/PHP/ClipStore/config.php: PDO connect OK -> #
[2019-06-05 18:06:53] [INFO] /Users/fy/Documents/项目/WWW/PHP/ClipStore/search.php: DB search -> SELECT id,title from articles WHERE MATCH (title,body) AGAINST (? IN BOOLEAN MODE);  as
[2019-06-05 18:06:54] [INFO] /Users/fy/Documents/项目/WWW/PHP/ClipStore/config.php: PDO connect OK -> #
[2019-06-05 18:06:54] [INFO] /Users/fy/Documents/项目/WWW/PHP/ClipStore/search.php: DB search -> SELECT id,title from articles WHERE MATCH (title,body) AGAINST (? IN BOOLEAN MODE);  df
[2019-06-05 18:09:19] [INFO] /Users/fy/Documents/项目/WWW/PHP/ClipStore/config.php: PDO connect OK -> #
[2019-06-05 18:09:19] [INFO] /Users/fy/Documents/项目/WWW/PHP/ClipStore/utils.php: Render_file exists->./articles/index.html
[2019-06-05 18:09:21] [INFO] /Users/fy/Documents/项目/WWW/PHP/ClipStore/config.php: PDO connect OK -> #
[2019-06-05 18:09:21] [INFO] /Users/fy/Documents/项目/WWW/PHP/ClipStore/search.php: DB search -> SELECT id,title from articles WHERE MATCH (title,body) AGAINST (? IN BOOLEAN MODE);  asf
[2019-06-05 18:14:20] [INFO] /Users/fy/Documents/项目/WWW/PHP/ClipStore/config.php: PDO connect OK -> #
[2019-06-05 18:14:20] [INFO] /Users/fy/Documents/项目/WWW/PHP/ClipStore/utils.php: Render_file exists->./articles/index.html
[2019-06-05 18:15:06] [INFO] /Users/fy/Documents/项目/WWW/PHP/ClipStore/config.php: PDO connect OK -> #
[2019-06-05 18:15:06] [INFO] /Users/fy/Documents/项目/WWW/PHP/ClipStore/utils.php: Render_file exists->./articles/index.html
[2019-06-05 18:15:24] [INFO] /Users/fy/Documents/项目/WWW/PHP/ClipStore/config.php: PDO connect OK -> #
[2019-06-05 18:15:24] [INFO] /Users/fy/Documents/项目/WWW/PHP/ClipStore/utils.php: Render_file exists->./articles/index.html
[2019-06-05 18:15:33] [INFO] /Users/fy/Documents/项目/WWW/PHP/ClipStore/config.php: PDO connect OK -> #
[2019-06-05 18:15:33] [INFO] /Users/fy/Documents/项目/WWW/PHP/ClipStore/utils.php: Render_file exists->./articles/index.html
[2019-06-05 18:15:44] [INFO] /Users/fy/Documents/项目/WWW/PHP/ClipStore/config.php: PDO connect OK -> #
[2019-06-05 18:15:44] [INFO] /Users/fy/Documents/项目/WWW/PHP/ClipStore/search.php: DB search -> SELECT id,title from articles WHERE MATCH (title,body) AGAINST (? IN BOOLEAN MODE);  asf
[2019-06-05 18:16:00] [INFO] /Users/fy/Documents/项目/WWW/PHP/ClipStore/config.php: PDO connect OK -> #
[2019-06-05 18:16:00] [INFO] /Users/fy/Documents/项目/WWW/PHP/ClipStore/utils.php: Render_file exists->./articles/index.html
[2019-06-05 18:16:04] [INFO] /Users/fy/Documents/项目/WWW/PHP/ClipStore/config.php: PDO connect OK -> #
[2019-06-05 18:16:04] [INFO] /Users/fy/Documents/项目/WWW/PHP/ClipStore/search.php: DB search -> SELECT id,title from articles WHERE MATCH (title,body) AGAINST (? IN BOOLEAN MODE);  sdf
[2019-06-05 18:16:06] [INFO] /Users/fy/Documents/项目/WWW/PHP/ClipStore/config.php: PDO connect OK -> #
[2019-06-05 18:16:06] [INFO] /Users/fy/Documents/项目/WWW/PHP/ClipStore/search.php: DB search -> SELECT id,title from articles WHERE MATCH (title,body) AGAINST (? IN BOOLEAN MODE);  adsf
[2019-06-05 18:16:42] [INFO] /Users/fy/Documents/项目/WWW/PHP/ClipStore/config.php: PDO connect OK -> #
[2019-06-05 18:16:42] [INFO] /Users/fy/Documents/项目/WWW/PHP/ClipStore/utils.php: Render_file exists->./articles/index.html
[2019-06-05 18:16:43] [INFO] /Users/fy/Documents/项目/WWW/PHP/ClipStore/config.php: PDO connect OK -> #
[2019-06-05 18:16:43] [INFO] /Users/fy/Documents/项目/WWW/PHP/ClipStore/search.php: DB search -> SELECT id,title from articles WHERE MATCH (title,body) AGAINST (? IN BOOLEAN MODE);  asfd
[2019-06-05 18:16:45] [INFO] /Users/fy/Documents/项目/WWW/PHP/ClipStore/config.php: PDO connect OK -> #
[2019-06-05 18:16:45] [INFO] /Users/fy/Documents/项目/WWW/PHP/ClipStore/search.php: DB search -> SELECT id,title from articles WHERE MATCH (title,body) AGAINST (? IN BOOLEAN MODE);  ss
[2019-06-05 18:18:26] [INFO] /Users/fy/Documents/项目/WWW/PHP/ClipStore/config.php: PDO connect OK -> #
[2019-06-05 18:18:26] [INFO] /Users/fy/Documents/项目/WWW/PHP/ClipStore/utils.php: Render_file exists->./articles/index.html
[2019-06-05 18:18:30] [INFO] /Users/fy/Documents/项目/WWW/PHP/ClipStore/config.php: PDO connect OK -> #
[2019-06-05 18:18:30] [INFO] /Users/fy/Documents/项目/WWW/PHP/ClipStore/search.php: DB search -> SELECT id,title from articles WHERE MATCH (title,body) AGAINST (? IN BOOLEAN MODE);  sdf
[2019-06-05 18:18:34] [INFO] /Users/fy/Documents/项目/WWW/PHP/ClipStore/config.php: PDO connect OK -> #
[2019-06-05 18:18:34] [INFO] /Users/fy/Documents/项目/WWW/PHP/ClipStore/search.php: DB search -> SELECT id,title from articles WHERE MATCH (title,body) AGAINST (? IN BOOLEAN MODE);  ss
[2019-06-05 18:19:10] [INFO] /Users/fy/Documents/项目/WWW/PHP/ClipStore/config.php: PDO connect OK -> #
[2019-06-05 18:19:10] [INFO] /Users/fy/Documents/项目/WWW/PHP/ClipStore/utils.php: Render_file exists->./articles/index.html
[2019-06-05 18:19:13] [INFO] /Users/fy/Documents/项目/WWW/PHP/ClipStore/config.php: PDO connect OK -> #
[2019-06-05 18:19:13] [INFO] /Users/fy/Documents/项目/WWW/PHP/ClipStore/utils.php: Render_file exists->./articles/index.html
[2019-06-05 18:19:17] [INFO] /Users/fy/Documents/项目/WWW/PHP/ClipStore/config.php: PDO connect OK -> #
[2019-06-05 18:19:17] [INFO] /Users/fy/Documents/项目/WWW/PHP/ClipStore/search.php: DB search -> SELECT id,title from articles WHERE MATCH (title,body) AGAINST (? IN BOOLEAN MODE);  ss
[2019-06-05 18:19:56] [INFO] /Users/fy/Documents/项目/WWW/PHP/ClipStore/config.php: PDO connect OK -> #
[2019-06-05 18:19:56] [INFO] /Users/fy/Documents/项目/WWW/PHP/ClipStore/utils.php: Render_file exists->./articles/index.html
[2019-06-05 18:19:58] [INFO] /Users/fy/Documents/项目/WWW/PHP/ClipStore/config.php: PDO connect OK -> #
[2019-06-05 18:19:58] [INFO] /Users/fy/Documents/项目/WWW/PHP/ClipStore/search.php: DB search -> SELECT id,title from articles WHERE MATCH (title,body) AGAINST (? IN BOOLEAN MODE);  ss
[2019-06-05 18:20:41] [INFO] /Users/fy/Documents/项目/WWW/PHP/ClipStore/config.php: PDO connect OK -> #
[2019-06-05 18:20:41] [INFO] /Users/fy/Documents/项目/WWW/PHP/ClipStore/utils.php: Render_file exists->./articles/index.html
[2019-06-05 18:20:43] [INFO] /Users/fy/Documents/项目/WWW/PHP/ClipStore/config.php: PDO connect OK -> #
[2019-06-05 18:20:43] [INFO] /Users/fy/Documents/项目/WWW/PHP/ClipStore/search.php: DB search -> SELECT id,title from articles WHERE MATCH (title,body) AGAINST (? IN BOOLEAN MODE);  ss
[2019-06-05 18:21:29] [INFO] /Users/fy/Documents/项目/WWW/PHP/ClipStore/config.php: PDO connect OK -> #
[2019-06-05 18:21:29] [INFO] /Users/fy/Documents/项目/WWW/PHP/ClipStore/utils.php: Render_file exists->./articles/index.html
[2019-06-05 18:21:32] [INFO] /Users/fy/Documents/项目/WWW/PHP/ClipStore/config.php: PDO connect OK -> #
[2019-06-05 18:21:32] [INFO] /Users/fy/Documents/项目/WWW/PHP/ClipStore/search.php: DB search -> SELECT id,title from articles WHERE MATCH (title,body) AGAINST (? IN BOOLEAN MODE);  sfd
[2019-06-05 18:21:33] [INFO] /Users/fy/Documents/项目/WWW/PHP/ClipStore/config.php: PDO connect OK -> #
[2019-06-05 18:21:33] [INFO] /Users/fy/Documents/项目/WWW/PHP/ClipStore/search.php: DB search -> SELECT id,title from articles WHERE MATCH (title,body) AGAINST (? IN BOOLEAN MODE);  ss
[2019-06-05 18:21:53] [INFO] /Users/fy/Documents/项目/WWW/PHP/ClipStore/config.php: PDO connect OK -> #
[2019-06-05 18:21:53] [INFO] /Users/fy/Documents/项目/WWW/PHP/ClipStore/utils.php: Render_file exists->./articles/index.html
[2019-06-05 18:21:55] [INFO] /Users/fy/Documents/项目/WWW/PHP/ClipStore/config.php: PDO connect OK -> #
[2019-06-05 18:21:55] [INFO] /Users/fy/Documents/项目/WWW/PHP/ClipStore/search.php: DB search -> SELECT id,title from articles WHERE MATCH (title,body) AGAINST (? IN BOOLEAN MODE);  ss
[2019-06-05 18:22:23] [INFO] /Users/fy/Documents/项目/WWW/PHP/ClipStore/config.php: PDO connect OK -> #
[2019-06-05 18:22:23] [INFO] /Users/fy/Documents/项目/WWW/PHP/ClipStore/utils.php: Render_file exists->./articles/index.html
[2019-06-05 18:22:24] [INFO] /Users/fy/Documents/项目/WWW/PHP/ClipStore/config.php: PDO connect OK -> #
[2019-06-05 18:22:24] [INFO] /Users/fy/Documents/项目/WWW/PHP/ClipStore/search.php: DB search -> SELECT id,title from articles WHERE MATCH (title,body) AGAINST (? IN BOOLEAN MODE);  ss
[2019-06-05 18:23:01] [INFO] /Users/fy/Documents/项目/WWW/PHP/ClipStore/config.php: PDO connect OK -> #
[2019-06-05 18:23:01] [INFO] /Users/fy/Documents/项目/WWW/PHP/ClipStore/utils.php: Render_file exists->./articles/index.html
[2019-06-05 18:23:03] [INFO] /Users/fy/Documents/项目/WWW/PHP/ClipStore/config.php: PDO connect OK -> #
[2019-06-05 18:23:03] [INFO] /Users/fy/Documents/项目/WWW/PHP/ClipStore/search.php: DB search -> SELECT id,title from articles WHERE MATCH (title,body) AGAINST (? IN BOOLEAN MODE);  ss
[2019-06-05 18:25:05] [INFO] /Users/fy/Documents/项目/WWW/PHP/ClipStore/config.php: PDO connect OK -> #
[2019-06-05 18:25:05] [INFO] /Users/fy/Documents/项目/WWW/PHP/ClipStore/utils.php: Render_file exists->./articles/index.html
[2019-06-05 18:25:07] [INFO] /Users/fy/Documents/项目/WWW/PHP/ClipStore/config.php: PDO connect OK -> #
[2019-06-05 18:25:07] [INFO] /Users/fy/Documents/项目/WWW/PHP/ClipStore/search.php: DB search -> SELECT id,title from articles WHERE MATCH (title,body) AGAINST (? IN BOOLEAN MODE);  ss
[2019-06-05 18:26:07] [INFO] /Users/fy/Documents/项目/WWW/PHP/ClipStore/config.php: PDO connect OK -> #
[2019-06-05 18:26:07] [INFO] /Users/fy/Documents/项目/WWW/PHP/ClipStore/utils.php: Render_file exists->./articles/index.html
[2019-06-05 18:26:11] [INFO] /Users/fy/Documents/项目/WWW/PHP/ClipStore/config.php: PDO connect OK -> #
[2019-06-05 18:26:11] [INFO] /Users/fy/Documents/项目/WWW/PHP/ClipStore/search.php: DB search -> SELECT id,title from articles WHERE MATCH (title,body) AGAINST (? IN BOOLEAN MODE);  ss
[2019-06-05 18:26:59] [INFO] /Users/fy/Documents/项目/WWW/PHP/ClipStore/config.php: PDO connect OK -> #
[2019-06-05 18:26:59] [INFO] /Users/fy/Documents/项目/WWW/PHP/ClipStore/utils.php: Render_file exists->./articles/index.html
[2019-06-05 18:27:00] [INFO] /Users/fy/Documents/项目/WWW/PHP/ClipStore/config.php: PDO connect OK -> #
[2019-06-05 18:27:00] [INFO] /Users/fy/Documents/项目/WWW/PHP/ClipStore/search.php: DB search -> SELECT id,title from articles WHERE MATCH (title,body) AGAINST (? IN BOOLEAN MODE);  ss
[2019-06-05 18:30:49] [INFO] /Users/fy/Documents/项目/WWW/PHP/ClipStore/config.php: PDO connect OK -> #
[2019-06-05 18:30:49] [INFO] /Users/fy/Documents/项目/WWW/PHP/ClipStore/utils.php: Render_file exists->./articles/index.html
[2019-06-05 18:30:52] [INFO] /Users/fy/Documents/项目/WWW/PHP/ClipStore/config.php: PDO connect OK -> #
[2019-06-05 18:30:52] [INFO] /Users/fy/Documents/项目/WWW/PHP/ClipStore/search.php: DB search -> SELECT id,title from articles WHERE MATCH (title,body) AGAINST (? IN BOOLEAN MODE);  ss
[2019-06-05 18:31:20] [INFO] /Users/fy/Documents/项目/WWW/PHP/ClipStore/config.php: PDO connect OK -> #
[2019-06-05 18:31:20] [INFO] /Users/fy/Documents/项目/WWW/PHP/ClipStore/utils.php: Render_file exists->./articles/index.html
[2019-06-05 18:31:21] [INFO] /Users/fy/Documents/项目/WWW/PHP/ClipStore/config.php: PDO connect OK -> #
[2019-06-05 18:31:21] [INFO] /Users/fy/Documents/项目/WWW/PHP/ClipStore/search.php: DB search -> SELECT id,title from articles WHERE MATCH (title,body) AGAINST (? IN BOOLEAN MODE);  ss
[2019-06-05 18:34:52] [INFO] /Users/fy/Documents/项目/WWW/PHP/ClipStore/config.php: PDO connect OK -> #
[2019-06-05 18:34:52] [INFO] /Users/fy/Documents/项目/WWW/PHP/ClipStore/utils.php: Render_file exists->./articles/index.html
[2019-06-05 18:34:54] [INFO] /Users/fy/Documents/项目/WWW/PHP/ClipStore/config.php: PDO connect OK -> #
[2019-06-05 18:34:54] [INFO] /Users/fy/Documents/项目/WWW/PHP/ClipStore/search.php: DB search -> SELECT id,title from articles WHERE MATCH (title,body) AGAINST (? IN BOOLEAN MODE);  sd
[2019-06-05 18:35:14] [INFO] /Users/fy/Documents/项目/WWW/PHP/ClipStore/config.php: PDO connect OK -> #
[2019-06-05 18:35:14] [INFO] /Users/fy/Documents/项目/WWW/PHP/ClipStore/utils.php: Render_file exists->./articles/index.html
[2019-06-05 18:35:17] [INFO] /Users/fy/Documents/项目/WWW/PHP/ClipStore/config.php: PDO connect OK -> #
[2019-06-05 18:35:17] [INFO] /Users/fy/Documents/项目/WWW/PHP/ClipStore/search.php: DB search -> SELECT id,title from articles WHERE MATCH (title,body) AGAINST (? IN BOOLEAN MODE);  f
[2019-06-05 18:35:19] [INFO] /Users/fy/Documents/项目/WWW/PHP/ClipStore/config.php: PDO connect OK -> #
[2019-06-05 18:35:19] [INFO] /Users/fy/Documents/项目/WWW/PHP/ClipStore/search.php: DB search -> SELECT id,title from articles WHERE MATCH (title,body) AGAINST (? IN BOOLEAN MODE);  go
[2019-06-05 18:35:33] [INFO] /Users/fy/Documents/项目/WWW/PHP/ClipStore/config.php: PDO connect OK -> #
[2019-06-05 18:35:33] [INFO] /Users/fy/Documents/项目/WWW/PHP/ClipStore/utils.php: Render_file exists->./articles/index.html
[2019-06-05 18:35:34] [INFO] /Users/fy/Documents/项目/WWW/PHP/ClipStore/config.php: PDO connect OK -> #
[2019-06-05 18:35:34] [INFO] /Users/fy/Documents/项目/WWW/PHP/ClipStore/search.php: DB search -> SELECT id,title from articles WHERE MATCH (title,body) AGAINST (? IN BOOLEAN MODE);  g
[2019-06-05 18:35:35] [INFO] /Users/fy/Documents/项目/WWW/PHP/ClipStore/config.php: PDO connect OK -> #
[2019-06-05 18:35:35] [INFO] /Users/fy/Documents/项目/WWW/PHP/ClipStore/search.php: DB search -> SELECT id,title from articles WHERE MATCH (title,body) AGAINST (? IN BOOLEAN MODE);  go
[2019-06-05 18:36:49] [INFO] /Users/fy/Documents/项目/WWW/PHP/ClipStore/config.php: PDO connect OK -> #
[2019-06-05 18:36:49] [INFO] /Users/fy/Documents/项目/WWW/PHP/ClipStore/utils.php: Render_file exists->./articles/index.html
[2019-06-05 18:36:51] [INFO] /Users/fy/Documents/项目/WWW/PHP/ClipStore/config.php: PDO connect OK -> #
[2019-06-05 18:36:51] [INFO] /Users/fy/Documents/项目/WWW/PHP/ClipStore/search.php: DB search -> SELECT id,title from articles WHERE MATCH (title,body) AGAINST (? IN BOOLEAN MODE);  go
[2019-06-05 18:37:02] [INFO] /Users/fy/Documents/项目/WWW/PHP/ClipStore/config.php: PDO connect OK -> #
[2019-06-05 18:37:02] [INFO] /Users/fy/Documents/项目/WWW/PHP/ClipStore/utils.php: Render_file exists->./articles/index.html
[2019-06-05 18:37:03] [INFO] /Users/fy/Documents/项目/WWW/PHP/ClipStore/config.php: PDO connect OK -> #
[2019-06-05 18:37:03] [INFO] /Users/fy/Documents/项目/WWW/PHP/ClipStore/search.php: DB search -> SELECT id,title from articles WHERE MATCH (title,body) AGAINST (? IN BOOLEAN MODE);  go
[2019-06-05 18:37:19] [INFO] /Users/fy/Documents/项目/WWW/PHP/ClipStore/config.php: PDO connect OK -> #
[2019-06-05 18:37:19] [INFO] /Users/fy/Documents/项目/WWW/PHP/ClipStore/utils.php: Render_file exists->./articles/index.html
[2019-06-05 18:37:21] [INFO] /Users/fy/Documents/项目/WWW/PHP/ClipStore/config.php: PDO connect OK -> #
[2019-06-05 18:37:21] [INFO] /Users/fy/Documents/项目/WWW/PHP/ClipStore/search.php: DB search -> SELECT id,title from articles WHERE MATCH (title,body) AGAINST (? IN BOOLEAN MODE);  go
[2019-06-05 18:37:25] [INFO] /Users/fy/Documents/项目/WWW/PHP/ClipStore/config.php: PDO connect OK -> #
[2019-06-05 18:37:25] [INFO] /Users/fy/Documents/项目/WWW/PHP/ClipStore/utils.php: Render_file exists->./articles/index.html
[2019-06-05 18:37:27] [INFO] /Users/fy/Documents/项目/WWW/PHP/ClipStore/config.php: PDO connect OK -> #
[2019-06-05 18:37:27] [INFO] /Users/fy/Documents/项目/WWW/PHP/ClipStore/utils.php: Render_file exists->./articles/index.html
[2019-06-05 18:37:29] [INFO] /Users/fy/Documents/项目/WWW/PHP/ClipStore/config.php: PDO connect OK -> #
[2019-06-05 18:37:29] [INFO] /Users/fy/Documents/项目/WWW/PHP/ClipStore/search.php: DB search -> SELECT id,title from articles WHERE MATCH (title,body) AGAINST (? IN BOOLEAN MODE);  go
[2019-06-05 18:37:55] [INFO] /Users/fy/Documents/项目/WWW/PHP/ClipStore/config.php: PDO connect OK -> #
[2019-06-05 18:37:55] [INFO] /Users/fy/Documents/项目/WWW/PHP/ClipStore/utils.php: Render_file exists->./articles/index.html
[2019-06-05 18:37:57] [INFO] /Users/fy/Documents/项目/WWW/PHP/ClipStore/config.php: PDO connect OK -> #
[2019-06-05 18:37:57] [INFO] /Users/fy/Documents/项目/WWW/PHP/ClipStore/search.php: DB search -> SELECT id,title from articles WHERE MATCH (title,body) AGAINST (? IN BOOLEAN MODE);  go
[2019-06-05 18:38:16] [INFO] /Users/fy/Documents/项目/WWW/PHP/ClipStore/config.php: PDO connect OK -> #
[2019-06-05 18:38:16] [INFO] /Users/fy/Documents/项目/WWW/PHP/ClipStore/utils.php: Render_file exists->./articles/index.html
[2019-06-05 18:38:18] [INFO] /Users/fy/Documents/项目/WWW/PHP/ClipStore/config.php: PDO connect OK -> #
[2019-06-05 18:38:18] [INFO] /Users/fy/Documents/项目/WWW/PHP/ClipStore/search.php: DB search -> SELECT id,title from articles WHERE MATCH (title,body) AGAINST (? IN BOOLEAN MODE);  go
[2019-06-05 18:38:55] [INFO] /Users/fy/Documents/项目/WWW/PHP/ClipStore/config.php: PDO connect OK -> #
[2019-06-05 18:38:55] [INFO] /Users/fy/Documents/项目/WWW/PHP/ClipStore/utils.php: Render_file exists->./articles/index.html
[2019-06-05 18:38:57] [INFO] /Users/fy/Documents/项目/WWW/PHP/ClipStore/config.php: PDO connect OK -> #
[2019-06-05 18:38:57] [INFO] /Users/fy/Documents/项目/WWW/PHP/ClipStore/search.php: DB search -> SELECT id,title from articles WHERE MATCH (title,body) AGAINST (? IN BOOLEAN MODE);  ss
