[2019-08-11 11:44:32] [INFO] /Users/fy/Documents/项目/WWW/PHP/ClipStore/config.php: PDO connect OK -> #
[2019-08-11 11:44:32] [INFO] /Users/fy/Documents/项目/WWW/PHP/ClipStore/utils.php: Render_file exists->./statics/template/index.html
[2019-08-11 11:44:32] [INFO] /Users/fy/Documents/项目/WWW/PHP/ClipStore/utils.php: Uploading: ./uploads/PHP反序列化入门之常见魔术方法 _ Mochazz's blog.html
[2019-08-11 11:48:43] [INFO] /Users/fy/Documents/项目/WWW/PHP/ClipStore/config.php: PDO connect OK -> #
[2019-08-11 11:48:44] [INFO] /Users/fy/Documents/项目/WWW/PHP/ClipStore/search.php: DB search -> SELECT id,title from articles WHERE MATCH (title,body) AGAINST (? IN BOOLEAN MODE);  绕过
[2019-08-11 11:49:15] [INFO] /Users/fy/Documents/项目/WWW/PHP/ClipStore/config.php: PDO connect OK -> #
[2019-08-11 11:49:15] [INFO] /Users/fy/Documents/项目/WWW/PHP/ClipStore/search.php: DB search -> SELECT id,title from articles WHERE MATCH (title,body) AGAINST (? IN BOOLEAN MODE);  linux
[2019-08-11 11:50:25] [INFO] /Users/fy/Documents/项目/WWW/PHP/ClipStore/config.php: PDO connect OK -> #
[2019-08-11 11:50:25] [INFO] /Users/fy/Documents/项目/WWW/PHP/ClipStore/utils.php: Render_file exists->./statics/template/index.html
[2019-08-11 11:50:27] [INFO] /Users/fy/Documents/项目/WWW/PHP/ClipStore/config.php: PDO connect OK -> #
[2019-08-11 11:50:27] [INFO] /Users/fy/Documents/项目/WWW/PHP/ClipStore/search.php: DB search -> SELECT id,title from articles WHERE MATCH (title,body) AGAINST (? IN BOOLEAN MODE);  绕过
[2019-08-11 11:50:36] [INFO] /Users/fy/Documents/项目/WWW/PHP/ClipStore/config.php: PDO connect OK -> #
[2019-08-11 11:50:36] [INFO] /Users/fy/Documents/项目/WWW/PHP/ClipStore/search.php: DB search -> SELECT id,title from articles WHERE MATCH (title,body) AGAINST (? IN BOOLEAN MODE);  +绕过 -python
[2019-08-11 11:50:49] [INFO] /Users/fy/Documents/项目/WWW/PHP/ClipStore/config.php: PDO connect OK -> #
[2019-08-11 11:50:49] [INFO] /Users/fy/Documents/项目/WWW/PHP/ClipStore/search.php: DB search -> SELECT id,title from articles WHERE MATCH (title,body) AGAINST (? IN BOOLEAN MODE);  +绕过 -python +pwn
[2019-08-11 11:50:55] [INFO] /Users/fy/Documents/项目/WWW/PHP/ClipStore/config.php: PDO connect OK -> #
[2019-08-11 11:50:55] [INFO] /Users/fy/Documents/项目/WWW/PHP/ClipStore/search.php: DB search -> SELECT id,title from articles WHERE MATCH (title,body) AGAINST (? IN BOOLEAN MODE);  +绕过 -python +二进制
[2019-08-11 11:51:13] [INFO] /Users/fy/Documents/项目/WWW/PHP/ClipStore/config.php: PDO connect OK -> #
[2019-08-11 11:51:13] [INFO] /Users/fy/Documents/项目/WWW/PHP/ClipStore/search.php: DB search -> SELECT id,title from articles WHERE MATCH (title,body) AGAINST (? IN BOOLEAN MODE);  +内核 +绕过 
[2019-08-11 11:51:19] [INFO] /Users/fy/Documents/项目/WWW/PHP/ClipStore/config.php: PDO connect OK -> #
[2019-08-11 11:51:19] [INFO] /Users/fy/Documents/项目/WWW/PHP/ClipStore/search.php: DB search -> SELECT id,title from articles WHERE MATCH (title,body) AGAINST (? IN BOOLEAN MODE);  +内核 +linux
[2019-08-11 11:54:55] [INFO] /Users/fy/Documents/项目/WWW/PHP/ClipStore/config.php: PDO connect OK -> #
[2019-08-11 11:54:55] [INFO] /Users/fy/Documents/项目/WWW/PHP/ClipStore/utils.php: Render_file exists->./statics/template/index.html
[2019-08-11 11:56:29] [INFO] /Users/fy/Documents/项目/WWW/PHP/ClipStore/config.php: PDO connect OK -> #
[2019-08-11 11:56:29] [INFO] /Users/fy/Documents/项目/WWW/PHP/ClipStore/search.php: DB search -> SELECT id,title from articles WHERE MATCH (title,body) AGAINST (? IN BOOLEAN MODE);   +linux +内核
[2019-08-11 11:58:01] [INFO] /Users/fy/Documents/项目/WWW/PHP/ClipStore/config.php: PDO connect OK -> #
[2019-08-11 11:58:01] [INFO] /Users/fy/Documents/项目/WWW/PHP/ClipStore/utils.php: Render_file exists->./statics/template/index.html
[2019-08-11 11:58:23] [INFO] /Users/fy/Documents/项目/WWW/PHP/ClipStore/config.php: PDO connect OK -> #
[2019-08-11 11:58:23] [INFO] /Users/fy/Documents/项目/WWW/PHP/ClipStore/search.php: DB search -> SELECT id,title from articles WHERE MATCH (title,body) AGAINST (? IN BOOLEAN MODE);  +linux +内核
