[2019-05-27 05:04:50] [INFO] /Users/fy/Documents/é¡¹ç›®/WWW/PHP/ClipStore/config.php: PDO connect OK -> #
[2019-05-27 05:04:50] [INFO] /Users/fy/Documents/é¡¹ç›®/WWW/PHP/ClipStore/utils.php: Render_file exists->./articles/index.html
[2019-05-27 05:06:38] [INFO] /Users/fy/Documents/é¡¹ç›®/WWW/PHP/ClipStore/config.php: PDO connect OK -> #
[2019-05-27 05:06:38] [INFO] /Users/fy/Documents/é¡¹ç›®/WWW/PHP/ClipStore/utils.php: Render_file exists->./articles/index.html
[2019-05-27 05:06:40] [INFO] /Users/fy/Documents/é¡¹ç›®/WWW/PHP/ClipStore/config.php: PDO connect OK -> #
[2019-05-27 05:06:42] [INFO] /Users/fy/Documents/é¡¹ç›®/WWW/PHP/ClipStore/config.php: PDO connect OK -> #
[2019-05-27 05:06:42] [INFO] /Users/fy/Documents/é¡¹ç›®/WWW/PHP/ClipStore/utils.php: Render_file exists->./articles/index.html
[2019-05-27 05:06:43] [INFO] /Users/fy/Documents/é¡¹ç›®/WWW/PHP/ClipStore/config.php: PDO connect OK -> #
[2019-05-27 05:06:46] [INFO] /Users/fy/Documents/é¡¹ç›®/WWW/PHP/ClipStore/config.php: PDO connect OK -> #
[2019-05-27 05:06:47] [INFO] /Users/fy/Documents/é¡¹ç›®/WWW/PHP/ClipStore/config.php: PDO connect OK -> #
[2019-05-27 05:06:49] [INFO] /Users/fy/Documents/é¡¹ç›®/WWW/PHP/ClipStore/config.php: PDO connect OK -> #
[2019-05-27 05:06:52] [INFO] /Users/fy/Documents/é¡¹ç›®/WWW/PHP/ClipStore/config.php: PDO connect OK -> #
[2019-05-27 05:06:56] [INFO] /Users/fy/Documents/é¡¹ç›®/WWW/PHP/ClipStore/config.php: PDO connect OK -> #
[2019-05-27 05:08:17] [INFO] /Users/fy/Documents/é¡¹ç›®/WWW/PHP/ClipStore/config.php: PDO connect OK -> #
[2019-05-27 05:08:17] [INFO] /Users/fy/Documents/é¡¹ç›®/WWW/PHP/ClipStore/config.php: PDO connect OK -> #
[2019-05-27 05:11:44] [INFO] /Users/fy/Documents/é¡¹ç›®/WWW/PHP/ClipStore/config.php: PDO connect OK -> #
[2019-05-27 05:11:44] [INFO] /Users/fy/Documents/é¡¹ç›®/WWW/PHP/ClipStore/utils.php: Render_file exists->./articles/index.html
[2019-05-27 05:11:51] [INFO] /Users/fy/Documents/é¡¹ç›®/WWW/PHP/ClipStore/config.php: PDO connect OK -> #
[2019-05-27 05:12:22] [INFO] /Users/fy/Documents/é¡¹ç›®/WWW/PHP/ClipStore/config.php: PDO connect OK -> #
[2019-05-27 05:12:22] [INFO] /Users/fy/Documents/é¡¹ç›®/WWW/PHP/ClipStore/utils.php: Render_file exists->./articles/index.html
[2019-05-27 05:12:33] [INFO] /Users/fy/Documents/é¡¹ç›®/WWW/PHP/ClipStore/config.php: PDO connect OK -> #
[2019-05-27 05:13:56] [INFO] /Users/fy/Documents/é¡¹ç›®/WWW/PHP/ClipStore/config.php: PDO connect OK -> #
[2019-05-27 05:13:58] [INFO] /Users/fy/Documents/é¡¹ç›®/WWW/PHP/ClipStore/config.php: PDO connect OK -> #
[2019-05-27 05:14:03] [INFO] /Users/fy/Documents/é¡¹ç›®/WWW/PHP/ClipStore/config.php: PDO connect OK -> #
[2019-05-27 05:14:06] [INFO] /Users/fy/Documents/é¡¹ç›®/WWW/PHP/ClipStore/config.php: PDO connect OK -> #
[2019-05-27 05:14:32] [INFO] /Users/fy/Documents/é¡¹ç›®/WWW/PHP/ClipStore/config.php: PDO connect OK -> #
[2019-05-27 05:14:32] [INFO] /Users/fy/Documents/é¡¹ç›®/WWW/PHP/ClipStore/utils.php: Render_file exists->./articles/index.html
[2019-05-27 05:14:34] [INFO] /Users/fy/Documents/é¡¹ç›®/WWW/PHP/ClipStore/config.php: PDO connect OK -> #
[2019-05-27 05:28:19] [INFO] /Users/fy/Documents/é¡¹ç›®/WWW/PHP/ClipStore/config.php: PDO connect OK -> #
[2019-05-27 05:28:19] [INFO] /Users/fy/Documents/é¡¹ç›®/WWW/PHP/ClipStore/utils.php: Render_file exists->./articles/index.html
[2019-05-27 05:28:27] [INFO] /Users/fy/Documents/é¡¹ç›®/WWW/PHP/ClipStore/config.php: PDO connect OK -> #
[2019-05-27 05:28:31] [INFO] /Users/fy/Documents/é¡¹ç›®/WWW/PHP/ClipStore/config.php: PDO connect OK -> #
[2019-05-27 05:34:35] [INFO] /Users/fy/Documents/é¡¹ç›®/WWW/PHP/ClipStore/config.php: PDO connect OK -> #
[2019-05-27 05:34:35] [INFO] /Users/fy/Documents/é¡¹ç›®/WWW/PHP/ClipStore/utils.php: Render_file exists->./articles/index.html
[2019-05-27 05:34:38] [INFO] /Users/fy/Documents/é¡¹ç›®/WWW/PHP/ClipStore/config.php: PDO connect OK -> #
[2019-05-27 08:11:33] [INFO] /Users/fy/Documents/é¡¹ç›®/WWW/PHP/ClipStore/config.php: PDO connect OK -> #
[2019-05-27 08:11:33] [INFO] /Users/fy/Documents/é¡¹ç›®/WWW/PHP/ClipStore/utils.php: Render_file exists->./articles/index.html
[2019-05-27 08:11:36] [INFO] /Users/fy/Documents/é¡¹ç›®/WWW/PHP/ClipStore/config.php: PDO connect OK -> #
[2019-05-27 08:17:13] [INFO] /Users/fy/Documents/é¡¹ç›®/WWW/PHP/ClipStore/config.php: PDO connect OK -> #
[2019-05-27 08:17:18] [INFO] /Users/fy/Documents/é¡¹ç›®/WWW/PHP/ClipStore/config.php: PDO connect OK -> #
[2019-05-27 08:17:20] [INFO] /Users/fy/Documents/é¡¹ç›®/WWW/PHP/ClipStore/config.php: PDO connect OK -> #
[2019-05-27 08:17:30] [INFO] /Users/fy/Documents/é¡¹ç›®/WWW/PHP/ClipStore/config.php: PDO connect OK -> #
[2019-05-27 08:17:39] [INFO] /Users/fy/Documents/é¡¹ç›®/WWW/PHP/ClipStore/config.php: PDO connect OK -> #
[2019-05-27 08:17:43] [INFO] /Users/fy/Documents/é¡¹ç›®/WWW/PHP/ClipStore/config.php: PDO connect OK -> #
[2019-05-27 08:17:57] [INFO] /Users/fy/Documents/é¡¹ç›®/WWW/PHP/ClipStore/config.php: PDO connect OK -> #
[2019-05-27 08:17:59] [INFO] /Users/fy/Documents/é¡¹ç›®/WWW/PHP/ClipStore/config.php: PDO connect OK -> #
[2019-05-27 08:18:19] [INFO] /Users/fy/Documents/é¡¹ç›®/WWW/PHP/ClipStore/config.php: PDO connect OK -> #
[2019-05-27 08:18:22] [INFO] /Users/fy/Documents/é¡¹ç›®/WWW/PHP/ClipStore/config.php: PDO connect OK -> #
[2019-05-27 08:18:23] [INFO] /Users/fy/Documents/é¡¹ç›®/WWW/PHP/ClipStore/config.php: PDO connect OK -> #
[2019-05-27 08:18:23] [INFO] /Users/fy/Documents/é¡¹ç›®/WWW/PHP/ClipStore/config.php: PDO connect OK -> #
[2019-05-27 08:18:29] [INFO] /Users/fy/Documents/é¡¹ç›®/WWW/PHP/ClipStore/config.php: PDO connect OK -> #
[2019-05-27 08:21:20] [INFO] /Users/fy/Documents/é¡¹ç›®/WWW/PHP/ClipStore/config.php: PDO connect OK -> #
[2019-05-27 08:21:20] [INFO] /Users/fy/Documents/é¡¹ç›®/WWW/PHP/ClipStore/utils.php: Render_file exists->./articles/index.html
[2019-05-27 14:55:55] [INFO] /Users/fy/Documents/é¡¹ç›®/WWW/PHP/ClipStore/config.php: PDO connect OK -> #
[2019-05-27 14:55:55] [INFO] /Users/fy/Documents/é¡¹ç›®/WWW/PHP/ClipStore/utils.php: Render_file exists->./articles/index.html
[2019-05-27 14:55:59] [INFO] /Users/fy/Documents/é¡¹ç›®/WWW/PHP/ClipStore/config.php: PDO connect OK -> #
[2019-05-27 14:56:06] [INFO] /Users/fy/Documents/é¡¹ç›®/WWW/PHP/ClipStore/config.php: PDO connect OK -> #
[2019-05-27 14:56:13] [INFO] /Users/fy/Documents/é¡¹ç›®/WWW/PHP/ClipStore/config.php: PDO connect OK -> #
[2019-05-27 14:56:14] [INFO] /Users/fy/Documents/é¡¹ç›®/WWW/PHP/ClipStore/config.php: PDO connect OK -> #
[2019-05-27 14:56:14] [INFO] /Users/fy/Documents/é¡¹ç›®/WWW/PHP/ClipStore/config.php: PDO connect OK -> #
[2019-05-27 14:56:14] [INFO] /Users/fy/Documents/é¡¹ç›®/WWW/PHP/ClipStore/config.php: PDO connect OK -> #
[2019-05-27 14:56:15] [INFO] /Users/fy/Documents/é¡¹ç›®/WWW/PHP/ClipStore/config.php: PDO connect OK -> #
[2019-05-27 14:57:41] [INFO] /Users/fy/Documents/é¡¹ç›®/WWW/PHP/ClipStore/config.php: PDO connect OK -> #
[2019-05-27 14:57:42] [INFO] /Users/fy/Documents/é¡¹ç›®/WWW/PHP/ClipStore/config.php: PDO connect OK -> #
[2019-05-27 14:57:45] [INFO] /Users/fy/Documents/é¡¹ç›®/WWW/PHP/ClipStore/config.php: PDO connect OK -> #
[2019-05-27 14:57:51] [INFO] /Users/fy/Documents/é¡¹ç›®/WWW/PHP/ClipStore/config.php: PDO connect OK -> #
[2019-05-27 14:57:58] [INFO] /Users/fy/Documents/é¡¹ç›®/WWW/PHP/ClipStore/config.php: PDO connect OK -> #
[2019-05-27 14:58:03] [INFO] /Users/fy/Documents/é¡¹ç›®/WWW/PHP/ClipStore/config.php: PDO connect OK -> #
[2019-05-27 14:58:06] [INFO] /Users/fy/Documents/é¡¹ç›®/WWW/PHP/ClipStore/config.php: PDO connect OK -> #
[2019-05-27 15:00:23] [INFO] /Users/fy/Documents/é¡¹ç›®/WWW/PHP/ClipStore/config.php: PDO connect OK -> #
[2019-05-27 15:00:47] [INFO] /Users/fy/Documents/é¡¹ç›®/WWW/PHP/ClipStore/config.php: PDO connect OK -> #
[2019-05-27 15:04:13] [INFO] /Users/fy/Documents/é¡¹ç›®/WWW/PHP/ClipStore/config.php: PDO connect OK -> #
[2019-05-27 15:04:13] [INFO] /Users/fy/Documents/é¡¹ç›®/WWW/PHP/ClipStore/search.php: DB search -> SELECT id,title from articles WHERE MATCH (title,body) AGAINST (? IN BOOLEAN MODE);
[2019-05-27 15:04:14] [INFO] /Users/fy/Documents/é¡¹ç›®/WWW/PHP/ClipStore/config.php: PDO connect OK -> #
[2019-05-27 15:04:14] [INFO] /Users/fy/Documents/é¡¹ç›®/WWW/PHP/ClipStore/search.php: DB search -> SELECT id,title from articles WHERE MATCH (title,body) AGAINST (? IN BOOLEAN MODE);
[2019-05-27 15:07:18] [INFO] /Users/fy/Documents/é¡¹ç›®/WWW/PHP/ClipStore/config.php: PDO connect OK -> #
[2019-05-27 15:07:18] [INFO] /Users/fy/Documents/é¡¹ç›®/WWW/PHP/ClipStore/search.php: DB search -> SELECT id,title from articles WHERE MATCH (title,body) AGAINST (? IN BOOLEAN MODE);
[2019-05-27 15:07:23] [INFO] /Users/fy/Documents/é¡¹ç›®/WWW/PHP/ClipStore/config.php: PDO connect OK -> #
[2019-05-27 15:07:23] [INFO] /Users/fy/Documents/é¡¹ç›®/WWW/PHP/ClipStore/search.php: DB search -> SELECT id,title from articles WHERE MATCH (title,body) AGAINST (? IN BOOLEAN MODE);
[2019-05-27 15:07:25] [INFO] /Users/fy/Documents/é¡¹ç›®/WWW/PHP/ClipStore/config.php: PDO connect OK -> #
[2019-05-27 15:07:25] [INFO] /Users/fy/Documents/é¡¹ç›®/WWW/PHP/ClipStore/search.php: DB search -> SELECT id,title from articles WHERE MATCH (title,body) AGAINST (? IN BOOLEAN MODE);
[2019-05-27 15:07:26] [INFO] /Users/fy/Documents/é¡¹ç›®/WWW/PHP/ClipStore/config.php: PDO connect OK -> #
[2019-05-27 15:07:26] [INFO] /Users/fy/Documents/é¡¹ç›®/WWW/PHP/ClipStore/search.php: DB search -> SELECT id,title from articles WHERE MATCH (title,body) AGAINST (? IN BOOLEAN MODE);
[2019-05-27 15:07:31] [INFO] /Users/fy/Documents/é¡¹ç›®/WWW/PHP/ClipStore/config.php: PDO connect OK -> #
[2019-05-27 15:07:31] [INFO] /Users/fy/Documents/é¡¹ç›®/WWW/PHP/ClipStore/search.php: DB search -> SELECT id,title from articles WHERE MATCH (title,body) AGAINST (? IN BOOLEAN MODE);
[2019-05-27 15:07:54] [INFO] /Users/fy/Documents/é¡¹ç›®/WWW/PHP/ClipStore/config.php: PDO connect OK -> #
[2019-05-27 15:07:54] [INFO] /Users/fy/Documents/é¡¹ç›®/WWW/PHP/ClipStore/search.php: DB search -> SELECT id,title from articles WHERE MATCH (title,body) AGAINST (? IN BOOLEAN MODE);   rsa  csp
[2019-05-27 15:09:44] [INFO] /Users/fy/Documents/é¡¹ç›®/WWW/PHP/ClipStore/config.php: PDO connect OK -> #
[2019-05-27 15:09:44] [INFO] /Users/fy/Documents/é¡¹ç›®/WWW/PHP/ClipStore/utils.php: Render_file exists->./articles/index.html
[2019-05-27 15:09:47] [INFO] /Users/fy/Documents/é¡¹ç›®/WWW/PHP/ClipStore/config.php: PDO connect OK -> #
[2019-05-27 15:09:47] [INFO] /Users/fy/Documents/é¡¹ç›®/WWW/PHP/ClipStore/search.php: DB search -> SELECT id,title from articles WHERE MATCH (title,body) AGAINST (? IN BOOLEAN MODE);  rÊ
[2019-05-27 15:10:01] [INFO] /Users/fy/Documents/é¡¹ç›®/WWW/PHP/ClipStore/config.php: PDO connect OK -> #
[2019-05-27 15:10:01] [INFO] /Users/fy/Documents/é¡¹ç›®/WWW/PHP/ClipStore/search.php: DB search -> SELECT id,title from articles WHERE MATCH (title,body) AGAINST (? IN BOOLEAN MODE);  rÊ
[2019-05-27 15:10:02] [INFO] /Users/fy/Documents/é¡¹ç›®/WWW/PHP/ClipStore/config.php: PDO connect OK -> #
[2019-05-27 15:10:02] [INFO] /Users/fy/Documents/é¡¹ç›®/WWW/PHP/ClipStore/search.php: DB search -> SELECT id,title from articles WHERE MATCH (title,body) AGAINST (? IN BOOLEAN MODE);  rÊ
[2019-05-27 15:10:06] [INFO] /Users/fy/Documents/é¡¹ç›®/WWW/PHP/ClipStore/config.php: PDO connect OK -> #
[2019-05-27 15:10:06] [INFO] /Users/fy/Documents/é¡¹ç›®/WWW/PHP/ClipStore/search.php: DB search -> SELECT id,title from articles WHERE MATCH (title,body) AGAINST (? IN BOOLEAN MODE);  rÊk±
[2019-05-27 15:10:11] [INFO] /Users/fy/Documents/é¡¹ç›®/WWW/PHP/ClipStore/config.php: PDO connect OK -> #
[2019-05-27 15:10:11] [INFO] /Users/fy/Documents/é¡¹ç›®/WWW/PHP/ClipStore/utils.php: Render_file exists->./articles/index.html
[2019-05-27 15:10:13] [INFO] /Users/fy/Documents/é¡¹ç›®/WWW/PHP/ClipStore/config.php: PDO connect OK -> #
[2019-05-27 15:10:13] [INFO] /Users/fy/Documents/é¡¹ç›®/WWW/PHP/ClipStore/search.php: DB search -> SELECT id,title from articles WHERE MATCH (title,body) AGAINST (? IN BOOLEAN MODE);  csp
[2019-05-27 15:10:18] [INFO] /Users/fy/Documents/é¡¹ç›®/WWW/PHP/ClipStore/config.php: PDO connect OK -> #
[2019-05-27 15:10:18] [INFO] /Users/fy/Documents/é¡¹ç›®/WWW/PHP/ClipStore/search.php: DB search -> SELECT id,title from articles WHERE MATCH (title,body) AGAINST (? IN BOOLEAN MODE);  csp rsa
[2019-05-27 15:10:22] [INFO] /Users/fy/Documents/é¡¹ç›®/WWW/PHP/ClipStore/config.php: PDO connect OK -> #
[2019-05-27 15:10:22] [INFO] /Users/fy/Documents/é¡¹ç›®/WWW/PHP/ClipStore/search.php: DB search -> SELECT id,title from articles WHERE MATCH (title,body) AGAINST (? IN BOOLEAN MODE);  +csp +rsa
[2019-05-27 15:13:52] [INFO] /Users/fy/Documents/é¡¹ç›®/WWW/PHP/ClipStore/config.php: PDO connect OK -> #
[2019-05-27 15:13:52] [INFO] /Users/fy/Documents/é¡¹ç›®/WWW/PHP/ClipStore/utils.php: Render_file exists->./articles/index.html
[2019-05-27 15:13:58] [INFO] /Users/fy/Documents/é¡¹ç›®/WWW/PHP/ClipStore/config.php: PDO connect OK -> #
[2019-05-27 15:13:58] [INFO] /Users/fy/Documents/é¡¹ç›®/WWW/PHP/ClipStore/search.php: DB search -> SELECT id,title from articles WHERE MATCH (title,body) AGAINST (? IN BOOLEAN MODE);  csp
[2019-05-27 15:14:06] [INFO] /Users/fy/Documents/é¡¹ç›®/WWW/PHP/ClipStore/config.php: PDO connect OK -> #
[2019-05-27 15:14:06] [INFO] /Users/fy/Documents/é¡¹ç›®/WWW/PHP/ClipStore/search.php: DB search -> SELECT id,title from articles WHERE MATCH (title,body) AGAINST (? IN BOOLEAN MODE);  csp rctf
[2019-05-27 15:14:34] [INFO] /Users/fy/Documents/é¡¹ç›®/WWW/PHP/ClipStore/config.php: PDO connect OK -> #
[2019-05-27 15:14:34] [INFO] /Users/fy/Documents/é¡¹ç›®/WWW/PHP/ClipStore/utils.php: Render_file exists->./articles/index.html
[2019-05-27 15:15:14] [INFO] /Users/fy/Documents/é¡¹ç›®/WWW/PHP/ClipStore/config.php: PDO connect OK -> #
[2019-05-27 15:15:14] [INFO] /Users/fy/Documents/é¡¹ç›®/WWW/PHP/ClipStore/utils.php: Render_file exists->./articles/index.html
[2019-05-27 15:15:19] [INFO] /Users/fy/Documents/é¡¹ç›®/WWW/PHP/ClipStore/config.php: PDO connect OK -> #
[2019-05-27 15:15:19] [INFO] /Users/fy/Documents/é¡¹ç›®/WWW/PHP/ClipStore/search.php: DB search -> SELECT id,title from articles WHERE MATCH (title,body) AGAINST (? IN BOOLEAN MODE);  xss
[2019-05-27 15:15:22] [INFO] /Users/fy/Documents/é¡¹ç›®/WWW/PHP/ClipStore/config.php: PDO connect OK -> #
[2019-05-27 15:15:22] [INFO] /Users/fy/Documents/é¡¹ç›®/WWW/PHP/ClipStore/search.php: DB search -> SELECT id,title from articles WHERE MATCH (title,body) AGAINST (? IN BOOLEAN MODE);  xss rctf
[2019-05-27 15:15:35] [INFO] /Users/fy/Documents/é¡¹ç›®/WWW/PHP/ClipStore/config.php: PDO connect OK -> #
[2019-05-27 15:15:35] [INFO] /Users/fy/Documents/é¡¹ç›®/WWW/PHP/ClipStore/search.php: DB search -> SELECT id,title from articles WHERE MATCH (title,body) AGAINST (? IN BOOLEAN MODE);  +xss +rctf
[2019-05-27 15:15:39] [INFO] /Users/fy/Documents/é¡¹ç›®/WWW/PHP/ClipStore/config.php: PDO connect OK -> #
[2019-05-27 15:15:39] [INFO] /Users/fy/Documents/é¡¹ç›®/WWW/PHP/ClipStore/search.php: DB search -> SELECT id,title from articles WHERE MATCH (title,body) AGAINST (? IN BOOLEAN MODE);  +xss 
[2019-05-27 15:15:48] [INFO] /Users/fy/Documents/é¡¹ç›®/WWW/PHP/ClipStore/config.php: PDO connect OK -> #
[2019-05-27 15:15:48] [INFO] /Users/fy/Documents/é¡¹ç›®/WWW/PHP/ClipStore/search.php: DB search -> SELECT id,title from articles WHERE MATCH (title,body) AGAINST (? IN BOOLEAN MODE);  +xss -rctf
[2019-05-27 15:18:01] [INFO] /Users/fy/Documents/é¡¹ç›®/WWW/PHP/ClipStore/config.php: PDO connect OK -> #
[2019-05-27 15:18:01] [INFO] /Users/fy/Documents/é¡¹ç›®/WWW/PHP/ClipStore/utils.php: Render_file exists->./articles/index.html
[2019-05-27 15:18:03] [INFO] /Users/fy/Documents/é¡¹ç›®/WWW/PHP/ClipStore/config.php: PDO connect OK -> #
[2019-05-27 15:18:03] [INFO] /Users/fy/Documents/é¡¹ç›®/WWW/PHP/ClipStore/search.php: DB search -> SELECT id,title from articles WHERE MATCH (title,body) AGAINST (? IN BOOLEAN MODE);  rctf
[2019-05-27 15:26:21] [INFO] /Users/fy/Documents/é¡¹ç›®/WWW/PHP/ClipStore/config.php: PDO connect OK -> #
[2019-05-27 15:26:21] [INFO] /Users/fy/Documents/é¡¹ç›®/WWW/PHP/ClipStore/utils.php: Render_file exists->./articles/index.html
[2019-05-27 15:26:24] [INFO] /Users/fy/Documents/é¡¹ç›®/WWW/PHP/ClipStore/config.php: PDO connect OK -> #
[2019-05-27 15:26:24] [INFO] /Users/fy/Documents/é¡¹ç›®/WWW/PHP/ClipStore/search.php: DB search -> SELECT id,title from articles WHERE MATCH (title,body) AGAINST (? IN BOOLEAN MODE);  aa
[2019-05-27 15:26:25] [INFO] /Users/fy/Documents/é¡¹ç›®/WWW/PHP/ClipStore/config.php: PDO connect OK -> #
[2019-05-27 15:26:25] [INFO] /Users/fy/Documents/é¡¹ç›®/WWW/PHP/ClipStore/search.php: DB search -> SELECT id,title from articles WHERE MATCH (title,body) AGAINST (? IN BOOLEAN MODE);  aa
[2019-05-27 15:26:26] [INFO] /Users/fy/Documents/é¡¹ç›®/WWW/PHP/ClipStore/config.php: PDO connect OK -> #
[2019-05-27 15:26:26] [INFO] /Users/fy/Documents/é¡¹ç›®/WWW/PHP/ClipStore/search.php: DB search -> SELECT id,title from articles WHERE MATCH (title,body) AGAINST (? IN BOOLEAN MODE);  aa
[2019-05-27 15:26:26] [INFO] /Users/fy/Documents/é¡¹ç›®/WWW/PHP/ClipStore/config.php: PDO connect OK -> #
[2019-05-27 15:26:26] [INFO] /Users/fy/Documents/é¡¹ç›®/WWW/PHP/ClipStore/search.php: DB search -> SELECT id,title from articles WHERE MATCH (title,body) AGAINST (? IN BOOLEAN MODE);  aa
[2019-05-27 15:26:26] [INFO] /Users/fy/Documents/é¡¹ç›®/WWW/PHP/ClipStore/config.php: PDO connect OK -> #
[2019-05-27 15:26:26] [INFO] /Users/fy/Documents/é¡¹ç›®/WWW/PHP/ClipStore/search.php: DB search -> SELECT id,title from articles WHERE MATCH (title,body) AGAINST (? IN BOOLEAN MODE);  aa
[2019-05-27 15:26:26] [INFO] /Users/fy/Documents/é¡¹ç›®/WWW/PHP/ClipStore/config.php: PDO connect OK -> #
[2019-05-27 15:26:26] [INFO] /Users/fy/Documents/é¡¹ç›®/WWW/PHP/ClipStore/search.php: DB search -> SELECT id,title from articles WHERE MATCH (title,body) AGAINST (? IN BOOLEAN MODE);  aa
[2019-05-27 15:26:26] [INFO] /Users/fy/Documents/é¡¹ç›®/WWW/PHP/ClipStore/config.php: PDO connect OK -> #
[2019-05-27 15:26:26] [INFO] /Users/fy/Documents/é¡¹ç›®/WWW/PHP/ClipStore/search.php: DB search -> SELECT id,title from articles WHERE MATCH (title,body) AGAINST (? IN BOOLEAN MODE);  aa
[2019-05-27 15:26:27] [INFO] /Users/fy/Documents/é¡¹ç›®/WWW/PHP/ClipStore/config.php: PDO connect OK -> #
[2019-05-27 15:26:27] [INFO] /Users/fy/Documents/é¡¹ç›®/WWW/PHP/ClipStore/search.php: DB search -> SELECT id,title from articles WHERE MATCH (title,body) AGAINST (? IN BOOLEAN MODE);  aa
[2019-05-27 15:26:27] [INFO] /Users/fy/Documents/é¡¹ç›®/WWW/PHP/ClipStore/config.php: PDO connect OK -> #
[2019-05-27 15:26:27] [INFO] /Users/fy/Documents/é¡¹ç›®/WWW/PHP/ClipStore/search.php: DB search -> SELECT id,title from articles WHERE MATCH (title,body) AGAINST (? IN BOOLEAN MODE);  aa
[2019-05-27 15:26:27] [INFO] /Users/fy/Documents/é¡¹ç›®/WWW/PHP/ClipStore/config.php: PDO connect OK -> #
[2019-05-27 15:26:27] [INFO] /Users/fy/Documents/é¡¹ç›®/WWW/PHP/ClipStore/search.php: DB search -> SELECT id,title from articles WHERE MATCH (title,body) AGAINST (? IN BOOLEAN MODE);  aa
[2019-05-27 15:26:27] [INFO] /Users/fy/Documents/é¡¹ç›®/WWW/PHP/ClipStore/config.php: PDO connect OK -> #
[2019-05-27 15:26:27] [INFO] /Users/fy/Documents/é¡¹ç›®/WWW/PHP/ClipStore/search.php: DB search -> SELECT id,title from articles WHERE MATCH (title,body) AGAINST (? IN BOOLEAN MODE);  aa
[2019-05-27 15:26:27] [INFO] /Users/fy/Documents/é¡¹ç›®/WWW/PHP/ClipStore/config.php: PDO connect OK -> #
[2019-05-27 15:26:27] [INFO] /Users/fy/Documents/é¡¹ç›®/WWW/PHP/ClipStore/search.php: DB search -> SELECT id,title from articles WHERE MATCH (title,body) AGAINST (? IN BOOLEAN MODE);  aa
[2019-05-27 15:26:27] [INFO] /Users/fy/Documents/é¡¹ç›®/WWW/PHP/ClipStore/config.php: PDO connect OK -> #
[2019-05-27 15:26:27] [INFO] /Users/fy/Documents/é¡¹ç›®/WWW/PHP/ClipStore/search.php: DB search -> SELECT id,title from articles WHERE MATCH (title,body) AGAINST (? IN BOOLEAN MODE);  aa
[2019-05-27 15:26:28] [INFO] /Users/fy/Documents/é¡¹ç›®/WWW/PHP/ClipStore/config.php: PDO connect OK -> #
[2019-05-27 15:26:28] [INFO] /Users/fy/Documents/é¡¹ç›®/WWW/PHP/ClipStore/search.php: DB search -> SELECT id,title from articles WHERE MATCH (title,body) AGAINST (? IN BOOLEAN MODE);  aa
[2019-05-27 15:26:28] [INFO] /Users/fy/Documents/é¡¹ç›®/WWW/PHP/ClipStore/config.php: PDO connect OK -> #
[2019-05-27 15:26:28] [INFO] /Users/fy/Documents/é¡¹ç›®/WWW/PHP/ClipStore/search.php: DB search -> SELECT id,title from articles WHERE MATCH (title,body) AGAINST (? IN BOOLEAN MODE);  aa
[2019-05-27 15:26:28] [INFO] /Users/fy/Documents/é¡¹ç›®/WWW/PHP/ClipStore/config.php: PDO connect OK -> #
[2019-05-27 15:26:28] [INFO] /Users/fy/Documents/é¡¹ç›®/WWW/PHP/ClipStore/search.php: DB search -> SELECT id,title from articles WHERE MATCH (title,body) AGAINST (? IN BOOLEAN MODE);  aa
[2019-05-27 15:26:28] [INFO] /Users/fy/Documents/é¡¹ç›®/WWW/PHP/ClipStore/config.php: PDO connect OK -> #
[2019-05-27 15:26:28] [INFO] /Users/fy/Documents/é¡¹ç›®/WWW/PHP/ClipStore/search.php: DB search -> SELECT id,title from articles WHERE MATCH (title,body) AGAINST (? IN BOOLEAN MODE);  aa
[2019-05-27 15:26:28] [INFO] /Users/fy/Documents/é¡¹ç›®/WWW/PHP/ClipStore/config.php: PDO connect OK -> #
[2019-05-27 15:26:28] [INFO] /Users/fy/Documents/é¡¹ç›®/WWW/PHP/ClipStore/search.php: DB search -> SELECT id,title from articles WHERE MATCH (title,body) AGAINST (? IN BOOLEAN MODE);  aa
[2019-05-27 15:26:28] [INFO] /Users/fy/Documents/é¡¹ç›®/WWW/PHP/ClipStore/config.php: PDO connect OK -> #
[2019-05-27 15:26:28] [INFO] /Users/fy/Documents/é¡¹ç›®/WWW/PHP/ClipStore/search.php: DB search -> SELECT id,title from articles WHERE MATCH (title,body) AGAINST (? IN BOOLEAN MODE);  aa
[2019-05-27 15:26:29] [INFO] /Users/fy/Documents/é¡¹ç›®/WWW/PHP/ClipStore/config.php: PDO connect OK -> #
[2019-05-27 15:26:29] [INFO] /Users/fy/Documents/é¡¹ç›®/WWW/PHP/ClipStore/search.php: DB search -> SELECT id,title from articles WHERE MATCH (title,body) AGAINST (? IN BOOLEAN MODE);  aa
[2019-05-27 15:26:29] [INFO] /Users/fy/Documents/é¡¹ç›®/WWW/PHP/ClipStore/config.php: PDO connect OK -> #
[2019-05-27 15:26:29] [INFO] /Users/fy/Documents/é¡¹ç›®/WWW/PHP/ClipStore/search.php: DB search -> SELECT id,title from articles WHERE MATCH (title,body) AGAINST (? IN BOOLEAN MODE);  aa
[2019-05-27 15:26:29] [INFO] /Users/fy/Documents/é¡¹ç›®/WWW/PHP/ClipStore/config.php: PDO connect OK -> #
[2019-05-27 15:26:29] [INFO] /Users/fy/Documents/é¡¹ç›®/WWW/PHP/ClipStore/search.php: DB search -> SELECT id,title from articles WHERE MATCH (title,body) AGAINST (? IN BOOLEAN MODE);  aa
[2019-05-27 15:26:29] [INFO] /Users/fy/Documents/é¡¹ç›®/WWW/PHP/ClipStore/config.php: PDO connect OK -> #
[2019-05-27 15:26:29] [INFO] /Users/fy/Documents/é¡¹ç›®/WWW/PHP/ClipStore/search.php: DB search -> SELECT id,title from articles WHERE MATCH (title,body) AGAINST (? IN BOOLEAN MODE);  aa
[2019-05-27 15:26:30] [INFO] /Users/fy/Documents/é¡¹ç›®/WWW/PHP/ClipStore/config.php: PDO connect OK -> #
[2019-05-27 15:26:30] [INFO] /Users/fy/Documents/é¡¹ç›®/WWW/PHP/ClipStore/search.php: DB search -> SELECT id,title from articles WHERE MATCH (title,body) AGAINST (? IN BOOLEAN MODE);  aa
[2019-05-27 15:26:30] [INFO] /Users/fy/Documents/é¡¹ç›®/WWW/PHP/ClipStore/config.php: PDO connect OK -> #
[2019-05-27 15:26:30] [INFO] /Users/fy/Documents/é¡¹ç›®/WWW/PHP/ClipStore/search.php: DB search -> SELECT id,title from articles WHERE MATCH (title,body) AGAINST (? IN BOOLEAN MODE);  aa
[2019-05-27 15:26:30] [INFO] /Users/fy/Documents/é¡¹ç›®/WWW/PHP/ClipStore/config.php: PDO connect OK -> #
[2019-05-27 15:26:30] [INFO] /Users/fy/Documents/é¡¹ç›®/WWW/PHP/ClipStore/search.php: DB search -> SELECT id,title from articles WHERE MATCH (title,body) AGAINST (? IN BOOLEAN MODE);  aa
[2019-05-27 15:26:30] [INFO] /Users/fy/Documents/é¡¹ç›®/WWW/PHP/ClipStore/config.php: PDO connect OK -> #
[2019-05-27 15:26:30] [INFO] /Users/fy/Documents/é¡¹ç›®/WWW/PHP/ClipStore/search.php: DB search -> SELECT id,title from articles WHERE MATCH (title,body) AGAINST (? IN BOOLEAN MODE);  aa
[2019-05-27 15:26:30] [INFO] /Users/fy/Documents/é¡¹ç›®/WWW/PHP/ClipStore/config.php: PDO connect OK -> #
[2019-05-27 15:26:30] [INFO] /Users/fy/Documents/é¡¹ç›®/WWW/PHP/ClipStore/search.php: DB search -> SELECT id,title from articles WHERE MATCH (title,body) AGAINST (? IN BOOLEAN MODE);  aa
[2019-05-27 15:26:30] [INFO] /Users/fy/Documents/é¡¹ç›®/WWW/PHP/ClipStore/config.php: PDO connect OK -> #
[2019-05-27 15:26:30] [INFO] /Users/fy/Documents/é¡¹ç›®/WWW/PHP/ClipStore/search.php: DB search -> SELECT id,title from articles WHERE MATCH (title,body) AGAINST (? IN BOOLEAN MODE);  aa
[2019-05-27 15:26:30] [INFO] /Users/fy/Documents/é¡¹ç›®/WWW/PHP/ClipStore/config.php: PDO connect OK -> #
[2019-05-27 15:26:30] [INFO] /Users/fy/Documents/é¡¹ç›®/WWW/PHP/ClipStore/search.php: DB search -> SELECT id,title from articles WHERE MATCH (title,body) AGAINST (? IN BOOLEAN MODE);  aa
[2019-05-27 15:26:31] [INFO] /Users/fy/Documents/é¡¹ç›®/WWW/PHP/ClipStore/config.php: PDO connect OK -> #
[2019-05-27 15:26:31] [INFO] /Users/fy/Documents/é¡¹ç›®/WWW/PHP/ClipStore/search.php: DB search -> SELECT id,title from articles WHERE MATCH (title,body) AGAINST (? IN BOOLEAN MODE);  aa
[2019-05-27 15:26:31] [INFO] /Users/fy/Documents/é¡¹ç›®/WWW/PHP/ClipStore/config.php: PDO connect OK -> #
[2019-05-27 15:26:31] [INFO] /Users/fy/Documents/é¡¹ç›®/WWW/PHP/ClipStore/search.php: DB search -> SELECT id,title from articles WHERE MATCH (title,body) AGAINST (? IN BOOLEAN MODE);  aa
[2019-05-27 15:26:31] [INFO] /Users/fy/Documents/é¡¹ç›®/WWW/PHP/ClipStore/config.php: PDO connect OK -> #
[2019-05-27 15:26:31] [INFO] /Users/fy/Documents/é¡¹ç›®/WWW/PHP/ClipStore/search.php: DB search -> SELECT id,title from articles WHERE MATCH (title,body) AGAINST (? IN BOOLEAN MODE);  aa
[2019-05-27 15:26:31] [INFO] /Users/fy/Documents/é¡¹ç›®/WWW/PHP/ClipStore/config.php: PDO connect OK -> #
[2019-05-27 15:26:31] [INFO] /Users/fy/Documents/é¡¹ç›®/WWW/PHP/ClipStore/search.php: DB search -> SELECT id,title from articles WHERE MATCH (title,body) AGAINST (? IN BOOLEAN MODE);  aa
[2019-05-27 15:26:31] [INFO] /Users/fy/Documents/é¡¹ç›®/WWW/PHP/ClipStore/config.php: PDO connect OK -> #
[2019-05-27 15:26:31] [INFO] /Users/fy/Documents/é¡¹ç›®/WWW/PHP/ClipStore/search.php: DB search -> SELECT id,title from articles WHERE MATCH (title,body) AGAINST (? IN BOOLEAN MODE);  aa
[2019-05-27 15:26:31] [INFO] /Users/fy/Documents/é¡¹ç›®/WWW/PHP/ClipStore/config.php: PDO connect OK -> #
[2019-05-27 15:26:31] [INFO] /Users/fy/Documents/é¡¹ç›®/WWW/PHP/ClipStore/search.php: DB search -> SELECT id,title from articles WHERE MATCH (title,body) AGAINST (? IN BOOLEAN MODE);  aa
[2019-05-27 15:26:31] [INFO] /Users/fy/Documents/é¡¹ç›®/WWW/PHP/ClipStore/config.php: PDO connect OK -> #
[2019-05-27 15:26:31] [INFO] /Users/fy/Documents/é¡¹ç›®/WWW/PHP/ClipStore/search.php: DB search -> SELECT id,title from articles WHERE MATCH (title,body) AGAINST (? IN BOOLEAN MODE);  aa
[2019-05-27 15:26:32] [INFO] /Users/fy/Documents/é¡¹ç›®/WWW/PHP/ClipStore/config.php: PDO connect OK -> #
[2019-05-27 15:26:32] [INFO] /Users/fy/Documents/é¡¹ç›®/WWW/PHP/ClipStore/search.php: DB search -> SELECT id,title from articles WHERE MATCH (title,body) AGAINST (? IN BOOLEAN MODE);  aa
[2019-05-27 15:26:32] [INFO] /Users/fy/Documents/é¡¹ç›®/WWW/PHP/ClipStore/config.php: PDO connect OK -> #
[2019-05-27 15:26:32] [INFO] /Users/fy/Documents/é¡¹ç›®/WWW/PHP/ClipStore/search.php: DB search -> SELECT id,title from articles WHERE MATCH (title,body) AGAINST (? IN BOOLEAN MODE);  aa
[2019-05-27 15:26:32] [INFO] /Users/fy/Documents/é¡¹ç›®/WWW/PHP/ClipStore/config.php: PDO connect OK -> #
[2019-05-27 15:26:32] [INFO] /Users/fy/Documents/é¡¹ç›®/WWW/PHP/ClipStore/search.php: DB search -> SELECT id,title from articles WHERE MATCH (title,body) AGAINST (? IN BOOLEAN MODE);  aa
[2019-05-27 15:26:32] [INFO] /Users/fy/Documents/é¡¹ç›®/WWW/PHP/ClipStore/config.php: PDO connect OK -> #
[2019-05-27 15:26:32] [INFO] /Users/fy/Documents/é¡¹ç›®/WWW/PHP/ClipStore/search.php: DB search -> SELECT id,title from articles WHERE MATCH (title,body) AGAINST (? IN BOOLEAN MODE);  aa
[2019-05-27 15:26:32] [INFO] /Users/fy/Documents/é¡¹ç›®/WWW/PHP/ClipStore/config.php: PDO connect OK -> #
[2019-05-27 15:26:32] [INFO] /Users/fy/Documents/é¡¹ç›®/WWW/PHP/ClipStore/search.php: DB search -> SELECT id,title from articles WHERE MATCH (title,body) AGAINST (? IN BOOLEAN MODE);  aa
[2019-05-27 15:26:32] [INFO] /Users/fy/Documents/é¡¹ç›®/WWW/PHP/ClipStore/config.php: PDO connect OK -> #
[2019-05-27 15:26:32] [INFO] /Users/fy/Documents/é¡¹ç›®/WWW/PHP/ClipStore/search.php: DB search -> SELECT id,title from articles WHERE MATCH (title,body) AGAINST (? IN BOOLEAN MODE);  aa
[2019-05-27 15:26:32] [INFO] /Users/fy/Documents/é¡¹ç›®/WWW/PHP/ClipStore/config.php: PDO connect OK -> #
[2019-05-27 15:26:32] [INFO] /Users/fy/Documents/é¡¹ç›®/WWW/PHP/ClipStore/search.php: DB search -> SELECT id,title from articles WHERE MATCH (title,body) AGAINST (? IN BOOLEAN MODE);  aa
[2019-05-27 15:53:21] [INFO] /Users/fy/Documents/é¡¹ç›®/WWW/PHP/ClipStore/config.php: PDO connect OK -> #
[2019-05-27 15:53:21] [INFO] /Users/fy/Documents/é¡¹ç›®/WWW/PHP/ClipStore/utils.php: Render_file exists->./articles/index.html
[2019-05-27 15:53:59] [INFO] /Users/fy/Documents/é¡¹ç›®/WWW/PHP/ClipStore/config.php: PDO connect OK -> #
[2019-05-27 15:53:59] [INFO] /Users/fy/Documents/é¡¹ç›®/WWW/PHP/ClipStore/utils.php: Render_file exists->./articles/index.html
[2019-05-27 15:56:03] [INFO] /Users/fy/Documents/é¡¹ç›®/WWW/PHP/ClipStore/config.php: PDO connect OK -> #
[2019-05-27 15:56:03] [INFO] /Users/fy/Documents/é¡¹ç›®/WWW/PHP/ClipStore/utils.php: Render_file exists->./articles/index.html
[2019-05-27 15:56:05] [INFO] /Users/fy/Documents/é¡¹ç›®/WWW/PHP/ClipStore/config.php: PDO connect OK -> #
[2019-05-27 15:56:05] [INFO] /Users/fy/Documents/é¡¹ç›®/WWW/PHP/ClipStore/utils.php: Render_file exists->./articles/index.html
[2019-05-27 15:56:07] [INFO] /Users/fy/Documents/é¡¹ç›®/WWW/PHP/ClipStore/config.php: PDO connect OK -> #
[2019-05-27 15:56:07] [INFO] /Users/fy/Documents/é¡¹ç›®/WWW/PHP/ClipStore/search.php: DB search -> SELECT id,title from articles WHERE MATCH (title,body) AGAINST (? IN BOOLEAN MODE);  asdf
[2019-05-27 15:56:10] [INFO] /Users/fy/Documents/é¡¹ç›®/WWW/PHP/ClipStore/config.php: PDO connect OK -> #
[2019-05-27 15:56:10] [INFO] /Users/fy/Documents/é¡¹ç›®/WWW/PHP/ClipStore/search.php: DB search -> SELECT id,title from articles WHERE MATCH (title,body) AGAINST (? IN BOOLEAN MODE);  ç»•è±
[2019-05-27 15:56:14] [INFO] /Users/fy/Documents/é¡¹ç›®/WWW/PHP/ClipStore/config.php: PDO connect OK -> #
[2019-05-27 15:56:14] [INFO] /Users/fy/Documents/é¡¹ç›®/WWW/PHP/ClipStore/search.php: DB search -> SELECT id,title from articles WHERE MATCH (title,body) AGAINST (? IN BOOLEAN MODE);  ç»•è±
[2019-05-27 15:56:17] [INFO] /Users/fy/Documents/é¡¹ç›®/WWW/PHP/ClipStore/config.php: PDO connect OK -> #
[2019-05-27 15:56:17] [INFO] /Users/fy/Documents/é¡¹ç›®/WWW/PHP/ClipStore/search.php: DB search -> SELECT id,title from articles WHERE MATCH (title,body) AGAINST (? IN BOOLEAN MODE);  rctf
[2019-05-27 15:56:21] [INFO] /Users/fy/Documents/é¡¹ç›®/WWW/PHP/ClipStore/config.php: PDO connect OK -> #
[2019-05-27 15:56:21] [INFO] /Users/fy/Documents/é¡¹ç›®/WWW/PHP/ClipStore/search.php: DB search -> SELECT id,title from articles WHERE MATCH (title,body) AGAINST (? IN BOOLEAN MODE);  ç»•
[2019-05-27 15:56:24] [INFO] /Users/fy/Documents/é¡¹ç›®/WWW/PHP/ClipStore/config.php: PDO connect OK -> #
[2019-05-27 15:56:24] [INFO] /Users/fy/Documents/é¡¹ç›®/WWW/PHP/ClipStore/search.php: DB search -> SELECT id,title from articles WHERE MATCH (title,body) AGAINST (? IN BOOLEAN MODE);  csp
[2019-05-27 15:56:35] [INFO] /Users/fy/Documents/é¡¹ç›®/WWW/PHP/ClipStore/config.php: PDO connect OK -> #
[2019-05-27 15:56:35] [INFO] /Users/fy/Documents/é¡¹ç›®/WWW/PHP/ClipStore/search.php: DB search -> SELECT id,title from articles WHERE MATCH (title,body) AGAINST (? IN BOOLEAN MODE);  csp ç»•è¿‡
[2019-05-27 15:56:42] [INFO] /Users/fy/Documents/é¡¹ç›®/WWW/PHP/ClipStore/config.php: PDO connect OK -> #
[2019-05-27 15:56:42] [INFO] /Users/fy/Documents/é¡¹ç›®/WWW/PHP/ClipStore/search.php: DB search -> SELECT id,title from articles WHERE MATCH (title,body) AGAINST (? IN BOOLEAN MODE);  ç»•è±
[2019-05-27 15:56:44] [INFO] /Users/fy/Documents/é¡¹ç›®/WWW/PHP/ClipStore/config.php: PDO connect OK -> #
[2019-05-27 15:56:44] [INFO] /Users/fy/Documents/é¡¹ç›®/WWW/PHP/ClipStore/search.php: DB search -> SELECT id,title from articles WHERE MATCH (title,body) AGAINST (? IN BOOLEAN MODE);  é€ƒé€¸
[2019-05-27 15:56:49] [INFO] /Users/fy/Documents/é¡¹ç›®/WWW/PHP/ClipStore/config.php: PDO connect OK -> #
[2019-05-27 15:56:49] [INFO] /Users/fy/Documents/é¡¹ç›®/WWW/PHP/ClipStore/search.php: DB search -> SELECT id,title from articles WHERE MATCH (title,body) AGAINST (? IN BOOLEAN MODE);  cgi
[2019-05-27 15:56:54] [INFO] /Users/fy/Documents/é¡¹ç›®/WWW/PHP/ClipStore/config.php: PDO connect OK -> #
[2019-05-27 15:56:54] [INFO] /Users/fy/Documents/é¡¹ç›®/WWW/PHP/ClipStore/search.php: DB search -> SELECT id,title from articles WHERE MATCH (title,body) AGAINST (? IN BOOLEAN MODE);  ç¦»åˆ«
[2019-05-27 15:57:01] [INFO] /Users/fy/Documents/é¡¹ç›®/WWW/PHP/ClipStore/config.php: PDO connect OK -> #
[2019-05-27 15:57:01] [INFO] /Users/fy/Documents/é¡¹ç›®/WWW/PHP/ClipStore/search.php: DB search -> SELECT id,title from articles WHERE MATCH (title,body) AGAINST (? IN BOOLEAN MODE);  åƒyn£ùb%ùc%
[2019-05-27 15:57:05] [INFO] /Users/fy/Documents/é¡¹ç›®/WWW/PHP/ClipStore/config.php: PDO connect OK -> #
[2019-05-27 15:57:05] [INFO] /Users/fy/Documents/é¡¹ç›®/WWW/PHP/ClipStore/search.php: DB search -> SELECT id,title from articles WHERE MATCH (title,body) AGAINST (? IN BOOLEAN MODE);  )cãyn£X‰V2X
[2019-05-27 15:57:07] [INFO] /Users/fy/Documents/é¡¹ç›®/WWW/PHP/ClipStore/config.php: PDO connect OK -> #
[2019-05-27 15:57:07] [INFO] /Users/fy/Documents/é¡¹ç›®/WWW/PHP/ClipStore/search.php: DB search -> SELECT id,title from articles WHERE MATCH (title,body) AGAINST (? IN BOOLEAN MODE);  åƒyn£ùb%ùc%
[2019-05-27 15:57:16] [INFO] /Users/fy/Documents/é¡¹ç›®/WWW/PHP/ClipStore/config.php: PDO connect OK -> #
[2019-05-27 15:57:16] [INFO] /Users/fy/Documents/é¡¹ç›®/WWW/PHP/ClipStore/utils.php: Render_file exists->./articles/index.html
[2019-05-27 15:57:18] [INFO] /Users/fy/Documents/é¡¹ç›®/WWW/PHP/ClipStore/config.php: PDO connect OK -> #
[2019-05-27 15:57:18] [INFO] /Users/fy/Documents/é¡¹ç›®/WWW/PHP/ClipStore/search.php: DB search -> SELECT id,title from articles WHERE MATCH (title,body) AGAINST (? IN BOOLEAN MODE);  åƒyn£ùb%ùc%
[2019-05-27 15:59:01] [INFO] /Users/fy/Documents/é¡¹ç›®/WWW/PHP/ClipStore/config.php: PDO connect OK -> #
[2019-05-27 15:59:01] [INFO] /Users/fy/Documents/é¡¹ç›®/WWW/PHP/ClipStore/utils.php: Render_file exists->./articles/index.html
[2019-05-27 16:01:01] [INFO] /Users/fy/Documents/é¡¹ç›®/WWW/PHP/ClipStore/config.php: PDO connect OK -> #
[2019-05-27 16:01:01] [INFO] /Users/fy/Documents/é¡¹ç›®/WWW/PHP/ClipStore/utils.php: Render_file exists->./articles/index.html
[2019-05-27 16:03:40] [INFO] /Users/fy/Documents/é¡¹ç›®/WWW/PHP/ClipStore/config.php: PDO connect OK -> #
[2019-05-27 16:03:40] [INFO] /Users/fy/Documents/é¡¹ç›®/WWW/PHP/ClipStore/utils.php: Render_file exists->./articles/index.html
[2019-05-27 16:03:58] [INFO] /Users/fy/Documents/é¡¹ç›®/WWW/PHP/ClipStore/config.php: PDO connect OK -> #
[2019-05-27 16:03:58] [INFO] /Users/fy/Documents/é¡¹ç›®/WWW/PHP/ClipStore/utils.php: Render_file exists->./articles/index.html
[2019-05-27 16:11:17] [INFO] /Users/fy/Documents/é¡¹ç›®/WWW/PHP/ClipStore/config.php: PDO connect OK -> #
[2019-05-27 16:11:17] [INFO] /Users/fy/Documents/é¡¹ç›®/WWW/PHP/ClipStore/utils.php: Render_file exists->./articles/index.html
[2019-05-27 16:14:45] [INFO] /Users/fy/Documents/é¡¹ç›®/WWW/PHP/ClipStore/config.php: PDO connect OK -> #
[2019-05-27 16:14:45] [INFO] /Users/fy/Documents/é¡¹ç›®/WWW/PHP/ClipStore/utils.php: Render_file exists->./articles/index.html
[2019-05-27 16:16:24] [INFO] /Users/fy/Documents/é¡¹ç›®/WWW/PHP/ClipStore/config.php: PDO connect OK -> #
[2019-05-27 16:16:24] [INFO] /Users/fy/Documents/é¡¹ç›®/WWW/PHP/ClipStore/utils.php: Render_file exists->./articles/index.html
[2019-05-27 16:17:03] [INFO] /Users/fy/Documents/é¡¹ç›®/WWW/PHP/ClipStore/config.php: PDO connect OK -> #
[2019-05-27 16:17:03] [INFO] /Users/fy/Documents/é¡¹ç›®/WWW/PHP/ClipStore/utils.php: Render_file exists->./articles/index.html
[2019-05-27 16:22:47] [INFO] /Users/fy/Documents/é¡¹ç›®/WWW/PHP/ClipStore/config.php: PDO connect OK -> #
[2019-05-27 16:22:47] [INFO] /Users/fy/Documents/é¡¹ç›®/WWW/PHP/ClipStore/utils.php: Render_file exists->./articles/index.html
[2019-05-27 16:49:33] [INFO] /Users/fy/Documents/é¡¹ç›®/WWW/PHP/ClipStore/utils.php: Render_file exists->./articles/index.html
[2019-05-27 16:51:53] [INFO] /Users/fy/Documents/é¡¹ç›®/WWW/PHP/ClipStore/utils.php: Render_file exists->./articles/index.html
[2019-05-27 17:21:10] [INFO] /Users/fy/Documents/é¡¹ç›®/WWW/PHP/ClipStore/utils.php: Render_file exists->./articles/index.html
[2019-05-27 17:23:15] [INFO] /Users/fy/Documents/é¡¹ç›®/WWW/PHP/ClipStore/config.php: PDO connect OK -> #
[2019-05-27 17:23:15] [INFO] /Users/fy/Documents/é¡¹ç›®/WWW/PHP/ClipStore/utils.php: Render_file exists->./articles/index.html
[2019-05-27 17:23:18] [INFO] /Users/fy/Documents/é¡¹ç›®/WWW/PHP/ClipStore/config.php: PDO connect OK -> #
[2019-05-27 17:23:18] [INFO] /Users/fy/Documents/é¡¹ç›®/WWW/PHP/ClipStore/search.php: DB search -> SELECT id,title from articles WHERE MATCH (title,body) AGAINST (? IN BOOLEAN MODE);  ç»•è±
[2019-05-27 17:24:10] [INFO] /Users/fy/Documents/é¡¹ç›®/WWW/PHP/ClipStore/config.php: PDO connect OK -> #
[2019-05-27 17:24:10] [INFO] /Users/fy/Documents/é¡¹ç›®/WWW/PHP/ClipStore/utils.php: Render_file exists->./articles/index.html
[2019-05-27 17:24:12] [INFO] /Users/fy/Documents/é¡¹ç›®/WWW/PHP/ClipStore/config.php: PDO connect OK -> #
[2019-05-27 17:24:12] [INFO] /Users/fy/Documents/é¡¹ç›®/WWW/PHP/ClipStore/search.php: DB search -> SELECT id,title from articles WHERE MATCH (title,body) AGAINST (? IN BOOLEAN MODE);  ç»•è¿‡
[2019-05-27 17:24:19] [INFO] /Users/fy/Documents/é¡¹ç›®/WWW/PHP/ClipStore/config.php: PDO connect OK -> #
[2019-05-27 17:24:19] [INFO] /Users/fy/Documents/é¡¹ç›®/WWW/PHP/ClipStore/search.php: DB search -> SELECT id,title from articles WHERE MATCH (title,body) AGAINST (? IN BOOLEAN MODE);  +ç»•è¿‡
[2019-05-27 17:24:22] [INFO] /Users/fy/Documents/é¡¹ç›®/WWW/PHP/ClipStore/config.php: PDO connect OK -> #
[2019-05-27 17:24:22] [INFO] /Users/fy/Documents/é¡¹ç›®/WWW/PHP/ClipStore/search.php: DB search -> SELECT id,title from articles WHERE MATCH (title,body) AGAINST (? IN BOOLEAN MODE);  +ç»•è¿‡ csp
[2019-05-27 17:24:28] [INFO] /Users/fy/Documents/é¡¹ç›®/WWW/PHP/ClipStore/config.php: PDO connect OK -> #
[2019-05-27 17:24:28] [INFO] /Users/fy/Documents/é¡¹ç›®/WWW/PHP/ClipStore/search.php: DB search -> SELECT id,title from articles WHERE MATCH (title,body) AGAINST (? IN BOOLEAN MODE);  +ç»•è¿‡ +csp
[2019-05-27 17:24:35] [INFO] /Users/fy/Documents/é¡¹ç›®/WWW/PHP/ClipStore/config.php: PDO connect OK -> #
[2019-05-27 17:24:35] [INFO] /Users/fy/Documents/é¡¹ç›®/WWW/PHP/ClipStore/search.php: DB search -> SELECT id,title from articles WHERE MATCH (title,body) AGAINST (? IN BOOLEAN MODE);  +ååºåˆ—åŒ–
[2019-05-27 17:25:24] [INFO] /Users/fy/Documents/é¡¹ç›®/WWW/PHP/ClipStore/config.php: PDO connect OK -> #
[2019-05-27 17:25:24] [INFO] /Users/fy/Documents/é¡¹ç›®/WWW/PHP/ClipStore/search.php: DB search -> SELECT id,title from articles WHERE MATCH (title,body) AGAINST (? IN BOOLEAN MODE);  +php å†…æ ¸
[2019-05-27 17:25:29] [INFO] /Users/fy/Documents/é¡¹ç›®/WWW/PHP/ClipStore/config.php: PDO connect OK -> #
[2019-05-27 17:25:29] [INFO] /Users/fy/Documents/é¡¹ç›®/WWW/PHP/ClipStore/search.php: DB search -> SELECT id,title from articles WHERE MATCH (title,body) AGAINST (? IN BOOLEAN MODE);  +php +å†…æ ¸
[2019-05-27 17:26:42] [INFO] /Users/fy/Documents/é¡¹ç›®/WWW/PHP/ClipStore/config.php: PDO connect OK -> #
[2019-05-27 17:26:42] [INFO] /Users/fy/Documents/é¡¹ç›®/WWW/PHP/ClipStore/utils.php: Render_file exists->./articles/index.html
[2019-05-27 17:28:42] [INFO] /Users/fy/Documents/é¡¹ç›®/WWW/PHP/ClipStore/config.php: PDO connect OK -> #
[2019-05-27 17:28:42] [INFO] /Users/fy/Documents/é¡¹ç›®/WWW/PHP/ClipStore/utils.php: Render_file exists->./articles/index.html
[2019-05-27 17:28:48] [INFO] /Users/fy/Documents/é¡¹ç›®/WWW/PHP/ClipStore/config.php: PDO connect OK -> #
[2019-05-27 17:28:48] [INFO] /Users/fy/Documents/é¡¹ç›®/WWW/PHP/ClipStore/search.php: DB search -> SELECT id,title from articles WHERE MATCH (title,body) AGAINST (? IN BOOLEAN MODE);  php
[2019-05-27 17:28:50] [INFO] /Users/fy/Documents/é¡¹ç›®/WWW/PHP/ClipStore/config.php: PDO connect OK -> #
[2019-05-27 17:28:50] [INFO] /Users/fy/Documents/é¡¹ç›®/WWW/PHP/ClipStore/search.php: DB search -> SELECT id,title from articles WHERE MATCH (title,body) AGAINST (? IN BOOLEAN MODE);  php å†…æ ¸
[2019-05-27 17:28:53] [INFO] /Users/fy/Documents/é¡¹ç›®/WWW/PHP/ClipStore/config.php: PDO connect OK -> #
[2019-05-27 17:28:53] [INFO] /Users/fy/Documents/é¡¹ç›®/WWW/PHP/ClipStore/search.php: DB search -> SELECT id,title from articles WHERE MATCH (title,body) AGAINST (? IN BOOLEAN MODE);  +php å†…æ ¸
[2019-05-27 17:29:02] [INFO] /Users/fy/Documents/é¡¹ç›®/WWW/PHP/ClipStore/config.php: PDO connect OK -> #
[2019-05-27 17:29:02] [INFO] /Users/fy/Documents/é¡¹ç›®/WWW/PHP/ClipStore/search.php: DB search -> SELECT id,title from articles WHERE MATCH (title,body) AGAINST (? IN BOOLEAN MODE);  +php +å†…æ ¸
[2019-05-27 17:29:51] [INFO] /Users/fy/Documents/é¡¹ç›®/WWW/PHP/ClipStore/config.php: PDO connect OK -> #
[2019-05-27 17:29:51] [INFO] /Users/fy/Documents/é¡¹ç›®/WWW/PHP/ClipStore/utils.php: Render_file exists->./articles/index.html
[2019-05-27 17:30:45] [INFO] /Users/fy/Documents/é¡¹ç›®/WWW/PHP/ClipStore/config.php: PDO connect OK -> #
[2019-05-27 17:30:45] [INFO] /Users/fy/Documents/é¡¹ç›®/WWW/PHP/ClipStore/utils.php: Render_file exists->./articles/index.html
[2019-05-27 17:30:47] [INFO] /Users/fy/Documents/é¡¹ç›®/WWW/PHP/ClipStore/config.php: PDO connect OK -> #
[2019-05-27 17:30:47] [INFO] /Users/fy/Documents/é¡¹ç›®/WWW/PHP/ClipStore/utils.php: Render_file exists->./articles/index.html
[2019-05-27 17:33:01] [INFO] /Users/fy/Documents/é¡¹ç›®/WWW/PHP/ClipStore/config.php: PDO connect OK -> #
[2019-05-27 17:33:01] [INFO] /Users/fy/Documents/é¡¹ç›®/WWW/PHP/ClipStore/search.php: DB search -> SELECT id,title from articles WHERE MATCH (title,body) AGAINST (? IN BOOLEAN MODE);  a
[2019-05-27 17:33:06] [INFO] /Users/fy/Documents/é¡¹ç›®/WWW/PHP/ClipStore/config.php: PDO connect OK -> #
[2019-05-27 17:33:06] [INFO] /Users/fy/Documents/é¡¹ç›®/WWW/PHP/ClipStore/search.php: DB search -> SELECT id,title from articles WHERE MATCH (title,body) AGAINST (? IN BOOLEAN MODE);  æµ‹è¯•
[2019-05-27 17:33:38] [INFO] /Users/fy/Documents/é¡¹ç›®/WWW/PHP/ClipStore/config.php: PDO connect OK -> #
[2019-05-27 17:33:38] [INFO] /Users/fy/Documents/é¡¹ç›®/WWW/PHP/ClipStore/utils.php: Render_file exists->./articles/index.html
[2019-05-27 17:33:41] [INFO] /Users/fy/Documents/é¡¹ç›®/WWW/PHP/ClipStore/config.php: PDO connect OK -> #
[2019-05-27 17:33:41] [INFO] /Users/fy/Documents/é¡¹ç›®/WWW/PHP/ClipStore/search.php: DB search -> SELECT id,title from articles WHERE MATCH (title,body) AGAINST (? IN BOOLEAN MODE);  æµ‹è¯•
[2019-05-27 17:35:34] [INFO] /Users/fy/Documents/é¡¹ç›®/WWW/PHP/ClipStore/config.php: PDO connect OK -> #
[2019-05-27 17:35:34] [INFO] /Users/fy/Documents/é¡¹ç›®/WWW/PHP/ClipStore/utils.php: Render_file exists->./articles/index.html
[2019-05-27 17:35:39] [INFO] /Users/fy/Documents/é¡¹ç›®/WWW/PHP/ClipStore/config.php: PDO connect OK -> #
[2019-05-27 17:35:39] [INFO] /Users/fy/Documents/é¡¹ç›®/WWW/PHP/ClipStore/search.php: DB search -> SELECT id,title from articles WHERE MATCH (title,body) AGAINST (? IN BOOLEAN MODE);  ç»•è¿‡
[2019-05-27 17:35:46] [INFO] /Users/fy/Documents/é¡¹ç›®/WWW/PHP/ClipStore/config.php: PDO connect OK -> #
[2019-05-27 17:35:46] [INFO] /Users/fy/Documents/é¡¹ç›®/WWW/PHP/ClipStore/search.php: DB search -> SELECT id,title from articles WHERE MATCH (title,body) AGAINST (? IN BOOLEAN MODE);  +windows +ç»•è¿‡
[2019-05-27 17:40:59] [INFO] /Users/fy/Documents/é¡¹ç›®/WWW/PHP/ClipStore/config.php: PDO connect OK -> #
[2019-05-27 17:40:59] [INFO] /Users/fy/Documents/é¡¹ç›®/WWW/PHP/ClipStore/utils.php: Render_file exists->./articles/index.html
[2019-05-27 17:41:08] [INFO] /Users/fy/Documents/é¡¹ç›®/WWW/PHP/ClipStore/config.php: PDO connect OK -> #
[2019-05-27 17:41:08] [INFO] /Users/fy/Documents/é¡¹ç›®/WWW/PHP/ClipStore/search.php: DB search -> SELECT id,title from articles WHERE MATCH (title,body) AGAINST (? IN BOOLEAN MODE);  +rsa +æ”»å‡»
